Main Function with logger : Logger(dir=snapshots/DualModel_SIC_MFDS_lambda0.999)
Arguments : -------------------------------
arg_flip         : False
batch_size       : 32
crop_height      : 256
crop_perturb_max : 30
crop_width       : 256
data_indicator   : 300W-68
error_bar        : None
eval_ilists      : ['./cache_data/lists/300W/300w.test.common.DET', './cache_data/lists/300W/300w.test.challenge.DET', './cache_data/lists/300W/300w.test.full.DET']
eval_once        : False
eval_vlists      : ['./cache_data/lists/300VW/300VW.test-3.lst410', './cache_data/lists/300VW/300VW.test-3.lst411', './cache_data/lists/300VW/300VW.test-3.lst516', './cache_data/lists/300VW/300VW.test-3.lst517', './cache_data/lists/300VW/300VW.test-3.lst526', './cache_data/lists/300VW/300VW.test-3.lst528', './cache_data/lists/300VW/300VW.test-3.lst529', './cache_data/lists/300VW/300VW.test-3.lst530', './cache_data/lists/300VW/300VW.test-3.lst531', './cache_data/lists/300VW/300VW.test-3.lst533', './cache_data/lists/300VW/300VW.test-3.lst557', './cache_data/lists/300VW/300VW.test-3.lst558', './cache_data/lists/300VW/300VW.test-3.lst559', './cache_data/lists/300VW/300VW.test-3.lst562']
heatmap_type     : gaussian
load_test_model  : None
model_config     : ./configs/AAAI_detector.config
num_pts          : 68
opt_config       : ./configs/SGD.config
pre_crop_expand  : 0.2
print_freq       : 100
pyramid_input    : True
rand_seed        : 62101
rotate_max       : 20
save_path        : ./snapshots/DualModel_SIC_MFDS_lambda0.999
scale_eval       : 1.0
scale_max        : 1.1
scale_min        : 0.9
scale_prob       : 1.0
sigma            : 6.0
train_lists      : ['./cache_data/lists/300W/300w.train.DET', './cache_data/lists/300W/300w.test.common.DET', './cache_data/lists/300W/300w.test.challenge.DET', './cache_data/lists/300W/300w.test.full.DET', './cache_data/lists/300VW/300VW.test-3.lst.sparse.10']
usefocalloss     : False
usepca           : False
workers          : 8
Python  version : 3.6.7 | packaged by conda-forge | (default, Nov  6 2019, 16:19:42)  [GCC 7.3.0]
Pillow  version : 7.0.0
PyTorch version : 1.4.0
cuDNN   version : 7603
./configs/AAAI_detector.config
Configure(arch='cpm_vgg16', stages=3, dilation=[1], pooling=[True, True, True], downsample=8, argmax=4, pretrained=[True])
Real Sigma : 6.0
configure : Configure(arch='cpm_vgg16', stages=3, dilation=[1], pooling=[True, True, True], downsample=8, argmax=4, pretrained=[True])
=> network :
 VGG16_base(
  (features): Sequential(
    (0): Conv2d(3, 64, kernel_size=(3, 3), stride=(1, 1), padding=(1, 1))
    (1): ReLU(inplace=True)
    (2): Conv2d(64, 64, kernel_size=(3, 3), stride=(1, 1), padding=(1, 1))
    (3): ReLU(inplace=True)
    (4): MaxPool2d(kernel_size=2, stride=2, padding=0, dilation=1, ceil_mode=False)
    (5): Conv2d(64, 128, kernel_size=(3, 3), stride=(1, 1), padding=(1, 1))
    (6): ReLU(inplace=True)
    (7): Conv2d(128, 128, kernel_size=(3, 3), stride=(1, 1), padding=(1, 1))
    (8): ReLU(inplace=True)
    (9): MaxPool2d(kernel_size=2, stride=2, padding=0, dilation=1, ceil_mode=False)
    (10): Conv2d(128, 256, kernel_size=(3, 3), stride=(1, 1), padding=(1, 1))
    (11): ReLU(inplace=True)
    (12): Conv2d(256, 256, kernel_size=(3, 3), stride=(1, 1), padding=(1, 1))
    (13): ReLU(inplace=True)
    (14): Conv2d(256, 256, kernel_size=(3, 3), stride=(1, 1), padding=(1, 1))
    (15): ReLU(inplace=True)
    (16): MaxPool2d(kernel_size=2, stride=2, padding=0, dilation=1, ceil_mode=False)
    (17): Conv2d(256, 512, kernel_size=(3, 3), stride=(1, 1), padding=(1, 1))
    (18): ReLU(inplace=True)
    (19): Conv2d(512, 512, kernel_size=(3, 3), stride=(1, 1), padding=(1, 1))
    (20): ReLU(inplace=True)
    (21): Conv2d(512, 512, kernel_size=(3, 3), stride=(1, 1), padding=(1, 1))
    (22): ReLU(inplace=True)
  )
  (CPM_feature): Sequential(
    (0): Conv2d(512, 256, kernel_size=(3, 3), stride=(1, 1), padding=(1, 1))
    (1): ReLU(inplace=True)
    (2): Conv2d(256, 128, kernel_size=(3, 3), stride=(1, 1), padding=(1, 1))
    (3): ReLU(inplace=True)
  )
  (stages): ModuleList(
    (0): Sequential(
      (0): Conv2d(128, 128, kernel_size=(3, 3), stride=(1, 1), padding=(1, 1))
      (1): ReLU(inplace=True)
      (2): Conv2d(128, 128, kernel_size=(3, 3), stride=(1, 1), padding=(1, 1))
      (3): ReLU(inplace=True)
      (4): Conv2d(128, 128, kernel_size=(3, 3), stride=(1, 1), padding=(1, 1))
      (5): ReLU(inplace=True)
      (6): Conv2d(128, 128, kernel_size=(3, 3), stride=(1, 1), padding=(1, 1))
      (7): ReLU(inplace=True)
      (8): Conv2d(128, 512, kernel_size=(1, 1), stride=(1, 1))
      (9): ReLU(inplace=True)
      (10): Conv2d(512, 69, kernel_size=(1, 1), stride=(1, 1))
    )
    (1): Sequential(
      (0): Conv2d(72, 128, kernel_size=(3, 3), stride=(1, 1), padding=(1, 1))
      (1): ReLU(inplace=True)
      (2): Conv2d(128, 128, kernel_size=(7, 7), stride=(1, 1), padding=(3, 3))
      (3): ReLU(inplace=True)
      (4): Conv2d(128, 128, kernel_size=(7, 7), stride=(1, 1), padding=(3, 3))
      (5): ReLU(inplace=True)
      (6): Conv2d(128, 128, kernel_size=(3, 3), stride=(1, 1), padding=(1, 1))
      (7): ReLU(inplace=True)
      (8): Conv2d(128, 128, kernel_size=(3, 3), stride=(1, 1), padding=(1, 1))
      (9): ReLU(inplace=True)
      (10): Conv2d(128, 128, kernel_size=(3, 3), stride=(1, 1), padding=(1, 1))
      (11): ReLU(inplace=True)
      (12): Conv2d(128, 128, kernel_size=(3, 3), stride=(1, 1), padding=(1, 1))
      (13): ReLU(inplace=True)
      (14): Conv2d(128, 512, kernel_size=(1, 1), stride=(1, 1))
      (15): ReLU(inplace=True)
      (16): Conv2d(512, 69, kernel_size=(1, 1), stride=(1, 1))
    )
    (2): Sequential(
      (0): Conv2d(197, 128, kernel_size=(7, 7), stride=(1, 1), padding=(3, 3))
      (1): ReLU(inplace=True)
      (2): Conv2d(128, 128, kernel_size=(7, 7), stride=(1, 1), padding=(3, 3))
      (3): ReLU(inplace=True)
      (4): Conv2d(128, 128, kernel_size=(7, 7), stride=(1, 1), padding=(3, 3))
      (5): ReLU(inplace=True)
      (6): Conv2d(128, 128, kernel_size=(3, 3), stride=(1, 1), padding=(1, 1))
      (7): ReLU(inplace=True)
      (8): Conv2d(128, 128, kernel_size=(3, 3), stride=(1, 1), padding=(1, 1))
      (9): ReLU(inplace=True)
      (10): Conv2d(128, 128, kernel_size=(3, 3), stride=(1, 1), padding=(1, 1))
      (11): ReLU(inplace=True)
      (12): Conv2d(128, 128, kernel_size=(3, 3), stride=(1, 1), padding=(1, 1))
      (13): ReLU(inplace=True)
      (14): Conv2d(128, 128, kernel_size=(1, 1), stride=(1, 1))
      (15): ReLU(inplace=True)
      (16): Conv2d(128, 69, kernel_size=(1, 1), stride=(1, 1))
    )
  )
)
Training-data : GeneralDataset(point-num=68, sigma=6.0, heatmap_type=gaussian, length=7278, dataset=300W-68)
The [ 0/17]-th testing-data [video] = GeneralDataset(point-num=68, sigma=6.0, heatmap_type=gaussian, length=1315, dataset=300W-68)
The [ 1/17]-th testing-data [video] = GeneralDataset(point-num=68, sigma=6.0, heatmap_type=gaussian, length=1454, dataset=300W-68)
The [ 2/17]-th testing-data [video] = GeneralDataset(point-num=68, sigma=6.0, heatmap_type=gaussian, length=1290, dataset=300W-68)
The [ 3/17]-th testing-data [video] = GeneralDataset(point-num=68, sigma=6.0, heatmap_type=gaussian, length=2426, dataset=300W-68)
The [ 4/17]-th testing-data [video] = GeneralDataset(point-num=68, sigma=6.0, heatmap_type=gaussian, length=2798, dataset=300W-68)
The [ 5/17]-th testing-data [video] = GeneralDataset(point-num=68, sigma=6.0, heatmap_type=gaussian, length=2279, dataset=300W-68)
The [ 6/17]-th testing-data [video] = GeneralDataset(point-num=68, sigma=6.0, heatmap_type=gaussian, length=3015, dataset=300W-68)
The [ 7/17]-th testing-data [video] = GeneralDataset(point-num=68, sigma=6.0, heatmap_type=gaussian, length=2437, dataset=300W-68)
The [ 8/17]-th testing-data [video] = GeneralDataset(point-num=68, sigma=6.0, heatmap_type=gaussian, length=1895, dataset=300W-68)
The [ 9/17]-th testing-data [video] = GeneralDataset(point-num=68, sigma=6.0, heatmap_type=gaussian, length=1521, dataset=300W-68)
The [10/17]-th testing-data [video] = GeneralDataset(point-num=68, sigma=6.0, heatmap_type=gaussian, length=1754, dataset=300W-68)
The [11/17]-th testing-data [video] = GeneralDataset(point-num=68, sigma=6.0, heatmap_type=gaussian, length=2095, dataset=300W-68)
The [12/17]-th testing-data [video] = GeneralDataset(point-num=68, sigma=6.0, heatmap_type=gaussian, length=2041, dataset=300W-68)
The [13/17]-th testing-data [video] = GeneralDataset(point-num=68, sigma=6.0, heatmap_type=gaussian, length=1367, dataset=300W-68)
The [14/17]-th testing-data [image] = GeneralDataset(point-num=68, sigma=6.0, heatmap_type=gaussian, length=554, dataset=300W-68)
The [15/17]-th testing-data [image] = GeneralDataset(point-num=68, sigma=6.0, heatmap_type=gaussian, length=135, dataset=300W-68)
The [16/17]-th testing-data [image] = GeneralDataset(point-num=68, sigma=6.0, heatmap_type=gaussian, length=689, dataset=300W-68)
arguments : Namespace(arg_flip=False, batch_size=32, crop_height=256, crop_perturb_max=30, crop_width=256, data_indicator='300W-68', error_bar=None, eval_ilists=['./cache_data/lists/300W/300w.test.common.DET', './cache_data/lists/300W/300w.test.challenge.DET', './cache_data/lists/300W/300w.test.full.DET'], eval_once=False, eval_vlists=['./cache_data/lists/300VW/300VW.test-3.lst410', './cache_data/lists/300VW/300VW.test-3.lst411', './cache_data/lists/300VW/300VW.test-3.lst516', './cache_data/lists/300VW/300VW.test-3.lst517', './cache_data/lists/300VW/300VW.test-3.lst526', './cache_data/lists/300VW/300VW.test-3.lst528', './cache_data/lists/300VW/300VW.test-3.lst529', './cache_data/lists/300VW/300VW.test-3.lst530', './cache_data/lists/300VW/300VW.test-3.lst531', './cache_data/lists/300VW/300VW.test-3.lst533', './cache_data/lists/300VW/300VW.test-3.lst557', './cache_data/lists/300VW/300VW.test-3.lst558', './cache_data/lists/300VW/300VW.test-3.lst559', './cache_data/lists/300VW/300VW.test-3.lst562'], heatmap_type='gaussian', load_test_model=None, model_config='./configs/AAAI_detector.config', num_pts=68, opt_config='./configs/SGD.config', pre_crop_expand=0.2, print_freq=100, pyramid_input=True, rand_seed=62101, rotate_max=20, save_path='./snapshots/DualModel_SIC_MFDS_lambda0.999', scale_eval=1.0, scale_max=1.1, scale_min=0.9, scale_prob=1.0, sigma=6.0, train_lists=['./cache_data/lists/300W/300w.train.DET', './cache_data/lists/300W/300w.test.common.DET', './cache_data/lists/300W/300w.test.challenge.DET', './cache_data/lists/300W/300w.test.full.DET', './cache_data/lists/300VW/300VW.test-3.lst.sparse.10'], usefocalloss=False, usepca=False, workers=8)
./configs/SGD.config
Configure(optimizer='SGD', LR=5e-05, momentum=0.9, Decay=0.0005, nesterov=True, criterion='MSE-none', loss_norm=True, lossnorm=True, epochs=60, schedule=[40, 50], gamma=0.5, stages=1)
Optimizer : SGD (
Parameter Group 0
    dampening: 0
    initial_lr: 5e-05
    lr: 5e-05
    momentum: 0.9
    nesterov: True
    weight_decay: 0.0005

Parameter Group 1
    dampening: 0
    initial_lr: 0.0001
    lr: 0.0001
    momentum: 0.9
    nesterov: True
    weight_decay: 0

Parameter Group 2
    dampening: 0
    initial_lr: 5e-05
    lr: 5e-05
    momentum: 0.9
    nesterov: True
    weight_decay: 0.0005

Parameter Group 3
    dampening: 0
    initial_lr: 0.0001
    lr: 0.0001
    momentum: 0.9
    nesterov: True
    weight_decay: 0

Parameter Group 4
    dampening: 0
    initial_lr: 0.0002
    lr: 0.0002
    momentum: 0.9
    nesterov: True
    weight_decay: 0.0005

Parameter Group 5
    dampening: 0
    initial_lr: 0.0004
    lr: 0.0004
    momentum: 0.9
    nesterov: True
    weight_decay: 0

Parameter Group 6
    dampening: 0
    initial_lr: 0.0002
    lr: 0.0002
    momentum: 0.9
    nesterov: True
    weight_decay: 0.0005

Parameter Group 7
    dampening: 0
    initial_lr: 0.0004
    lr: 0.0004
    momentum: 0.9
    nesterov: True
    weight_decay: 0

Parameter Group 8
    dampening: 0
    initial_lr: 0.0002
    lr: 0.0002
    momentum: 0.9
    nesterov: True
    weight_decay: 0.0005

Parameter Group 9
    dampening: 0
    initial_lr: 0.0004
    lr: 0.0004
    momentum: 0.9
    nesterov: True
    weight_decay: 0
), MSE Loss with size-average=False
criterion : MSELoss()
=> loading checkpoint of the last-info 'snapshots/DualModel_SIC_MFDS_lambda0.999/last-info_real.pth' start
=> load-ok checkpoint 'snapshots/DualModel_SIC_MFDS_lambda0.999/last-info_real.pth' (epoch 40) done

==>>[2020-09-15 13:03:14] [epoch-041-060], [[Time Left: 00:00:00]], LR : [0.00001 ~ 0.00010], Config : Configure(optimizer='SGD', LR=5e-05, momentum=0.9, Decay=0.0005, nesterov=True, criterion='MSE-none', loss_norm=True, lossnorm=True, epochs=60, schedule=[40, 50], gamma=0.5, stages=1)
 -->>[Train]: [epoch-041-060][000/228] Time 28.94 (28.94) Data 8.83 (8.83) Forward 24.86 (24.86) Loss 111.9966 (111.9966)  [Time Left: 01:49:30] : L1=34.9049 : L2=44.1534 : L3=32.9383 In=[32, 3, 256, 256] Tar=[32, 69, 32, 32] Vis-PTS : 66 (66.8)
 -->>[Train]: [epoch-041-060][100/228] Time 0.54 (1.16) Data 0.02 (0.31) Forward 0.26 (0.83) Loss 81.1467 (100.3906)  [Time Left: 00:02:26] : L1=18.2550 : L2=47.6505 : L3=15.2412 In=[32, 3, 256, 256] Tar=[32, 69, 32, 32] Vis-PTS : 67 (67.2)
 -->>[Train]: [epoch-041-060][200/228] Time 0.89 (1.04) Data 0.00 (0.29) Forward 0.55 (0.73) Loss 81.1799 (87.6072)  [Time Left: 00:00:28] : L1=21.9501 : L2=40.0966 : L3=19.1332 In=[32, 3, 256, 256] Tar=[32, 69, 32, 32] Vis-PTS : 67 (67.2)
 -->>[Train]: [epoch-041-060][227/228] Time 2.65 (1.01) Data 0.00 (0.26) Forward 1.23 (0.69) Loss 69.2314 (85.7079)  [Time Left: 00:00:00] : L1=17.1948 : L2=37.9150 : L3=14.1216 In=[14, 3, 256, 256] Tar=[14, 69, 32, 32] Vis-PTS : 67 (67.2)
Filter the unlabeled data from 7278 into 7278 data
Teacher::Compute NME and AUC for 7278 images with 68 points :: [(NME): mean=192.201, std=3731.648], auc@0.07=0.021, auc@0.08-0.047, acc@0.07=0.165, acc@0.08=0.316
Student::Compute NME and AUC for 7278 images with 68 points :: [(NME): mean=194.329, std=3693.641], auc@0.07=0.021, auc@0.08-0.047, acc@0.07=0.163, acc@0.08=0.313
==>>[2020-09-15 13:07:10] Train [epoch-041-060] Average Loss = 85.707930, NME = 192.20
Basic-Eval-All evaluates 17 dataset
==>>[2020-09-15 13:07:10], [epoch-041-060], evaluate the 0/17-th dataset [video] : GeneralDataset(point-num=68, sigma=6.0, heatmap_type=gaussian, length=1315, dataset=300W-68)
 -->>[TeacherEval]: [epoch-041-060::0/17][000/042] Time 8.03 (8.03) Data 7.77 (7.77) Forward 8.02 (8.02) Loss 112.4411 (112.4411)  [Time Left: 00:05:29] : L1=26.8622 : L2=66.8052 : L3=18.7738 In=[32, 3, 256, 256] Tar=[32, 69, 32, 32] Vis-PTS : 68 (68.0)
 -->>[StudentEval]: [epoch-041-060::0/17][000/042] Time 8.03 (8.03) Data 7.77 (7.77) Forward 8.02 (8.02) Loss 125.9340 (112.4411)  [Time Left: 00:05:29] : L1=26.8622 : L2=66.8052 : L3=18.7738 In=[32, 3, 256, 256] Tar=[32, 69, 32, 32] Vis-PTS : 68 (68.0)
 -->>[TeacherEval]: [epoch-041-060::0/17][041/042] Time 1.18 (1.02) Data 0.00 (0.74) Forward 1.17 (1.01) Loss 127.8474 (166.0792)  [Time Left: 00:00:00] : L1=34.3119 : L2=71.9117 : L3=21.6239 In=[3, 3, 256, 256] Tar=[3, 69, 32, 32] Vis-PTS : 68 (68.0)
 -->>[StudentEval]: [epoch-041-060::0/17][041/042] Time 1.18 (1.02) Data 0.00 (0.74) Forward 1.17 (1.01) Loss 143.1891 (166.0792)  [Time Left: 00:00:00] : L1=34.3119 : L2=71.9117 : L3=21.6239 In=[3, 3, 256, 256] Tar=[3, 69, 32, 32] Vis-PTS : 68 (68.0)
Filter the unlabeled data from 1315 into 1315 data
Teacher::Compute NME and AUC for 1315 images with 68 points :: [(NME): mean=620.037, std=3755.490], auc@0.07=38.056, auc@0.08-43.391, acc@0.07=79.772, acc@0.08=81.445
Student::Compute NME and AUC for 1315 images with 68 points :: [(NME): mean=627.020, std=3704.148], auc@0.07=37.596, auc@0.08-42.947, acc@0.07=78.718, acc@0.08=80.467
==>>[2020-09-15 13:07:55], [epoch-041-060], evaluate the 1/17-th dataset [video] : GeneralDataset(point-num=68, sigma=6.0, heatmap_type=gaussian, length=1454, dataset=300W-68)
 -->>[TeacherEval]: [epoch-041-060::1/17][000/046] Time 7.93 (7.93) Data 7.58 (7.58) Forward 7.92 (7.92) Loss 217.7177 (217.7177)  [Time Left: 00:05:56] : L1=65.7510 : L2=91.9429 : L3=60.0239 In=[32, 3, 256, 256] Tar=[32, 69, 32, 32] Vis-PTS : 68 (68.0)
 -->>[StudentEval]: [epoch-041-060::1/17][000/046] Time 7.93 (7.93) Data 7.58 (7.58) Forward 7.92 (7.92) Loss 243.8438 (217.7177)  [Time Left: 00:05:56] : L1=65.7510 : L2=91.9429 : L3=60.0239 In=[32, 3, 256, 256] Tar=[32, 69, 32, 32] Vis-PTS : 68 (68.0)
 -->>[TeacherEval]: [epoch-041-060::1/17][045/046] Time 0.12 (0.94) Data 0.00 (0.66) Forward 0.12 (0.93) Loss 196.9463 (169.0965)  [Time Left: 00:00:00] : L1=58.7969 : L2=85.4557 : L3=52.6937 In=[14, 3, 256, 256] Tar=[14, 69, 32, 32] Vis-PTS : 68 (68.0)
 -->>[StudentEval]: [epoch-041-060::1/17][045/046] Time 0.12 (0.94) Data 0.00 (0.66) Forward 0.12 (0.93) Loss 220.5799 (169.0965)  [Time Left: 00:00:00] : L1=58.7969 : L2=85.4557 : L3=52.6937 In=[14, 3, 256, 256] Tar=[14, 69, 32, 32] Vis-PTS : 68 (68.0)
Filter the unlabeled data from 1454 into 1454 data
Teacher::Compute NME and AUC for 1454 images with 68 points :: [(NME): mean=38.955, std=365.115], auc@0.07=38.128, auc@0.08-41.858, acc@0.07=66.850, acc@0.08=68.638
Student::Compute NME and AUC for 1454 images with 68 points :: [(NME): mean=39.520, std=360.379], auc@0.07=37.728, auc@0.08-41.394, acc@0.07=65.914, acc@0.08=67.621
==>>[2020-09-15 13:08:40], [epoch-041-060], evaluate the 2/17-th dataset [video] : GeneralDataset(point-num=68, sigma=6.0, heatmap_type=gaussian, length=1290, dataset=300W-68)
 -->>[TeacherEval]: [epoch-041-060::2/17][000/041] Time 6.76 (6.76) Data 6.48 (6.48) Forward 6.75 (6.75) Loss 90.0987 (90.0987)  [Time Left: 00:04:30] : L1=17.8462 : L2=57.4731 : L3=14.7794 In=[32, 3, 256, 256] Tar=[32, 69, 32, 32] Vis-PTS : 68 (68.0)
 -->>[StudentEval]: [epoch-041-060::2/17][000/041] Time 6.76 (6.76) Data 6.48 (6.48) Forward 6.75 (6.75) Loss 100.9106 (90.0987)  [Time Left: 00:04:30] : L1=17.8462 : L2=57.4731 : L3=14.7794 In=[32, 3, 256, 256] Tar=[32, 69, 32, 32] Vis-PTS : 68 (68.0)
 -->>[TeacherEval]: [epoch-041-060::2/17][040/041] Time 1.05 (0.63) Data 0.00 (0.34) Forward 1.05 (0.62) Loss 118.7848 (111.2779)  [Time Left: 00:00:00] : L1=29.4215 : L2=66.5409 : L3=22.8224 In=[10, 3, 256, 256] Tar=[10, 69, 32, 32] Vis-PTS : 68 (68.0)
 -->>[StudentEval]: [epoch-041-060::2/17][040/041] Time 1.05 (0.63) Data 0.00 (0.34) Forward 1.05 (0.62) Loss 133.0390 (111.2779)  [Time Left: 00:00:00] : L1=29.4215 : L2=66.5409 : L3=22.8224 In=[10, 3, 256, 256] Tar=[10, 69, 32, 32] Vis-PTS : 68 (68.0)
Filter the unlabeled data from 1290 into 1290 data
Teacher::Compute NME and AUC for 1290 images with 68 points :: [(NME): mean=2.971, std=1.007], auc@0.07=57.667, auc@0.08-62.923, acc@0.07=99.612, acc@0.08=99.845
Student::Compute NME and AUC for 1290 images with 68 points :: [(NME): mean=3.013, std=0.993], auc@0.07=56.988, auc@0.08-62.219, acc@0.07=98.593, acc@0.08=98.391
==>>[2020-09-15 13:09:07], [epoch-041-060], evaluate the 3/17-th dataset [video] : GeneralDataset(point-num=68, sigma=6.0, heatmap_type=gaussian, length=2426, dataset=300W-68)
 -->>[TeacherEval]: [epoch-041-060::3/17][000/076] Time 5.18 (5.18) Data 4.90 (4.90) Forward 5.18 (5.18) Loss 92.4458 (92.4458)  [Time Left: 00:06:28] : L1=19.8212 : L2=59.9612 : L3=12.6634 In=[32, 3, 256, 256] Tar=[32, 69, 32, 32] Vis-PTS : 68 (68.0)
 -->>[StudentEval]: [epoch-041-060::3/17][000/076] Time 5.18 (5.18) Data 4.90 (4.90) Forward 5.18 (5.18) Loss 103.5393 (92.4458)  [Time Left: 00:06:28] : L1=19.8212 : L2=59.9612 : L3=12.6634 In=[32, 3, 256, 256] Tar=[32, 69, 32, 32] Vis-PTS : 68 (68.0)
 -->>[TeacherEval]: [epoch-041-060::3/17][075/076] Time 1.86 (0.42) Data 0.00 (0.11) Forward 1.85 (0.41) Loss 96.7281 (95.0827)  [Time Left: 00:00:00] : L1=21.8517 : L2=58.9101 : L3=15.9663 In=[26, 3, 256, 256] Tar=[26, 69, 32, 32] Vis-PTS : 68 (68.0)
 -->>[StudentEval]: [epoch-041-060::3/17][075/076] Time 1.86 (0.42) Data 0.00 (0.11) Forward 1.85 (0.41) Loss 108.3355 (95.0827)  [Time Left: 00:00:00] : L1=21.8517 : L2=58.9101 : L3=15.9663 In=[26, 3, 256, 256] Tar=[26, 69, 32, 32] Vis-PTS : 68 (68.0)
Filter the unlabeled data from 2426 into 2426 data
Teacher::Compute NME and AUC for 2426 images with 68 points :: [(NME): mean=2.392, std=0.536], auc@0.07=65.822, auc@0.08-70.095, acc@0.07=100.000, acc@0.08=100.000
Student::Compute NME and AUC for 2426 images with 68 points :: [(NME): mean=2.424, std=0.530], auc@0.07=65.049, auc@0.08-69.168, acc@0.07=98.879, acc@0.08=98.580
==>>[2020-09-15 13:09:42], [epoch-041-060], evaluate the 4/17-th dataset [video] : GeneralDataset(point-num=68, sigma=6.0, heatmap_type=gaussian, length=2798, dataset=300W-68)
 -->>[TeacherEval]: [epoch-041-060::4/17][000/088] Time 8.40 (8.40) Data 7.81 (7.81) Forward 8.39 (8.39) Loss 110.9903 (110.9903)  [Time Left: 00:12:11] : L1=27.7134 : L2=62.7765 : L3=20.5005 In=[32, 3, 256, 256] Tar=[32, 69, 32, 32] Vis-PTS : 68 (68.0)
 -->>[StudentEval]: [epoch-041-060::4/17][000/088] Time 8.40 (8.40) Data 7.81 (7.81) Forward 8.39 (8.39) Loss 124.3092 (110.9903)  [Time Left: 00:12:11] : L1=27.7134 : L2=62.7765 : L3=20.5005 In=[32, 3, 256, 256] Tar=[32, 69, 32, 32] Vis-PTS : 68 (68.0)
 -->>[TeacherEval]: [epoch-041-060::4/17][087/088] Time 0.10 (0.84) Data 0.00 (0.56) Forward 0.10 (0.83) Loss 121.1200 (133.0222)  [Time Left: 00:00:00] : L1=33.3869 : L2=64.7610 : L3=22.9721 In=[14, 3, 256, 256] Tar=[14, 69, 32, 32] Vis-PTS : 68 (68.0)
 -->>[StudentEval]: [epoch-041-060::4/17][087/088] Time 0.10 (0.84) Data 0.00 (0.56) Forward 0.10 (0.83) Loss 135.6544 (133.0222)  [Time Left: 00:00:00] : L1=33.3869 : L2=64.7610 : L3=22.9721 In=[14, 3, 256, 256] Tar=[14, 69, 32, 32] Vis-PTS : 68 (68.0)
Filter the unlabeled data from 2798 into 2798 data
Teacher::Compute NME and AUC for 2798 images with 68 points :: [(NME): mean=3.606, std=2.094], auc@0.07=49.993, auc@0.08-55.965, acc@0.07=97.212, acc@0.08=98.213
Student::Compute NME and AUC for 2798 images with 68 points :: [(NME): mean=3.658, std=2.068], auc@0.07=49.486, auc@0.08-55.335, acc@0.07=96.102, acc@0.08=97.220
==>>[2020-09-15 13:10:58], [epoch-041-060], evaluate the 5/17-th dataset [video] : GeneralDataset(point-num=68, sigma=6.0, heatmap_type=gaussian, length=2279, dataset=300W-68)
 -->>[TeacherEval]: [epoch-041-060::5/17][000/072] Time 4.90 (4.90) Data 4.48 (4.48) Forward 4.89 (4.89) Loss 90.4858 (90.4858)  [Time Left: 00:05:47] : L1=19.0415 : L2=60.2883 : L3=11.1560 In=[32, 3, 256, 256] Tar=[32, 69, 32, 32] Vis-PTS : 68 (68.0)
 -->>[StudentEval]: [epoch-041-060::5/17][000/072] Time 4.90 (4.90) Data 4.48 (4.48) Forward 4.89 (4.89) Loss 101.3441 (90.4858)  [Time Left: 00:05:47] : L1=19.0415 : L2=60.2883 : L3=11.1560 In=[32, 3, 256, 256] Tar=[32, 69, 32, 32] Vis-PTS : 68 (68.0)
 -->>[TeacherEval]: [epoch-041-060::5/17][071/072] Time 1.74 (0.39) Data 0.00 (0.08) Forward 1.73 (0.38) Loss 70.5926 (100.7849)  [Time Left: 00:00:00] : L1=11.4884 : L2=52.6065 : L3= 6.4977 In=[7, 3, 256, 256] Tar=[7, 69, 32, 32] Vis-PTS : 68 (68.0)
 -->>[StudentEval]: [epoch-041-060::5/17][071/072] Time 1.74 (0.39) Data 0.00 (0.08) Forward 1.73 (0.38) Loss 79.0637 (100.7849)  [Time Left: 00:00:00] : L1=11.4884 : L2=52.6065 : L3= 6.4977 In=[7, 3, 256, 256] Tar=[7, 69, 32, 32] Vis-PTS : 68 (68.0)
Filter the unlabeled data from 2279 into 2279 data
Teacher::Compute NME and AUC for 2279 images with 68 points :: [(NME): mean=2.750, std=1.666], auc@0.07=62.129, auc@0.08-66.561, acc@0.07=97.280, acc@0.08=97.850
Student::Compute NME and AUC for 2279 images with 68 points :: [(NME): mean=2.786, std=1.643], auc@0.07=61.404, auc@0.08-65.828, acc@0.07=95.860, acc@0.08=96.515
==>>[2020-09-15 13:11:29], [epoch-041-060], evaluate the 6/17-th dataset [video] : GeneralDataset(point-num=68, sigma=6.0, heatmap_type=gaussian, length=3015, dataset=300W-68)
 -->>[TeacherEval]: [epoch-041-060::6/17][000/095] Time 3.90 (3.90) Data 3.62 (3.62) Forward 3.90 (3.90) Loss 109.7861 (109.7861)  [Time Left: 00:06:06] : L1=26.2258 : L2=61.9020 : L3=21.6583 In=[32, 3, 256, 256] Tar=[32, 69, 32, 32] Vis-PTS : 68 (68.0)
 -->>[StudentEval]: [epoch-041-060::6/17][000/095] Time 3.90 (3.90) Data 3.62 (3.62) Forward 3.90 (3.90) Loss 122.9604 (109.7861)  [Time Left: 00:06:06] : L1=26.2258 : L2=61.9020 : L3=21.6583 In=[32, 3, 256, 256] Tar=[32, 69, 32, 32] Vis-PTS : 68 (68.0)
 -->>[TeacherEval]: [epoch-041-060::6/17][094/095] Time 0.05 (0.42) Data 0.00 (0.15) Forward 0.05 (0.41) Loss 213.8576 (129.7884)  [Time Left: 00:00:00] : L1=64.7186 : L2=91.2100 : L3=57.9290 In=[7, 3, 256, 256] Tar=[7, 69, 32, 32] Vis-PTS : 68 (68.0)
 -->>[StudentEval]: [epoch-041-060::6/17][094/095] Time 0.05 (0.42) Data 0.00 (0.15) Forward 0.05 (0.41) Loss 239.5205 (129.7884)  [Time Left: 00:00:00] : L1=64.7186 : L2=91.2100 : L3=57.9290 In=[7, 3, 256, 256] Tar=[7, 69, 32, 32] Vis-PTS : 68 (68.0)
Filter the unlabeled data from 3015 into 3015 data
Teacher::Compute NME and AUC for 3015 images with 68 points :: [(NME): mean=9.139, std=214.212], auc@0.07=44.467, auc@0.08-50.610, acc@0.07=92.604, acc@0.08=94.328
Student::Compute NME and AUC for 3015 images with 68 points :: [(NME): mean=9.249, std=211.417], auc@0.07=43.913, auc@0.08-50.101, acc@0.07=91.399, acc@0.08=93.282
==>>[2020-09-15 13:12:12], [epoch-041-060], evaluate the 7/17-th dataset [video] : GeneralDataset(point-num=68, sigma=6.0, heatmap_type=gaussian, length=2437, dataset=300W-68)
 -->>[TeacherEval]: [epoch-041-060::7/17][000/077] Time 4.85 (4.85) Data 4.60 (4.60) Forward 4.84 (4.84) Loss 112.9455 (112.9455)  [Time Left: 00:06:08] : L1=28.1293 : L2=61.7006 : L3=23.1156 In=[32, 3, 256, 256] Tar=[32, 69, 32, 32] Vis-PTS : 68 (68.0)
 -->>[StudentEval]: [epoch-041-060::7/17][000/077] Time 4.85 (4.85) Data 4.60 (4.60) Forward 4.84 (4.84) Loss 126.4989 (112.9455)  [Time Left: 00:06:08] : L1=28.1293 : L2=61.7006 : L3=23.1156 In=[32, 3, 256, 256] Tar=[32, 69, 32, 32] Vis-PTS : 68 (68.0)
 -->>[TeacherEval]: [epoch-041-060::7/17][076/077] Time 1.61 (0.43) Data 0.00 (0.15) Forward 1.61 (0.42) Loss 96.0604 (119.7240)  [Time Left: 00:00:00] : L1=22.4141 : L2=56.6233 : L3=17.0230 In=[5, 3, 256, 256] Tar=[5, 69, 32, 32] Vis-PTS : 68 (68.0)
 -->>[StudentEval]: [epoch-041-060::7/17][076/077] Time 1.61 (0.43) Data 0.00 (0.15) Forward 1.61 (0.42) Loss 107.5877 (119.7240)  [Time Left: 00:00:00] : L1=22.4141 : L2=56.6233 : L3=17.0230 In=[5, 3, 256, 256] Tar=[5, 69, 32, 32] Vis-PTS : 68 (68.0)
Filter the unlabeled data from 2437 into 2437 data
Teacher::Compute NME and AUC for 2437 images with 68 points :: [(NME): mean=3.967, std=2.815], auc@0.07=47.679, auc@0.08-53.387, acc@0.07=92.696, acc@0.08=94.255
Student::Compute NME and AUC for 2437 images with 68 points :: [(NME): mean=4.026, std=2.780], auc@0.07=47.051, auc@0.08-52.775, acc@0.07=91.721, acc@0.08=93.291
==>>[2020-09-15 13:12:48], [epoch-041-060], evaluate the 8/17-th dataset [video] : GeneralDataset(point-num=68, sigma=6.0, heatmap_type=gaussian, length=1895, dataset=300W-68)
 -->>[TeacherEval]: [epoch-041-060::8/17][000/060] Time 9.59 (9.59) Data 9.33 (9.33) Forward 9.59 (9.59) Loss 97.5519 (97.5519)  [Time Left: 00:09:26] : L1=20.1188 : L2=63.2625 : L3=14.1706 In=[32, 3, 256, 256] Tar=[32, 69, 32, 32] Vis-PTS : 68 (68.0)
 -->>[StudentEval]: [epoch-041-060::8/17][000/060] Time 9.59 (9.59) Data 9.33 (9.33) Forward 9.59 (9.59) Loss 109.2581 (97.5519)  [Time Left: 00:09:26] : L1=20.1188 : L2=63.2625 : L3=14.1706 In=[32, 3, 256, 256] Tar=[32, 69, 32, 32] Vis-PTS : 68 (68.0)
 -->>[TeacherEval]: [epoch-041-060::8/17][059/060] Time 0.06 (0.78) Data 0.00 (0.52) Forward 0.06 (0.77) Loss 84.1064 (91.7889)  [Time Left: 00:00:00] : L1=17.0249 : L2=56.1730 : L3=10.9085 In=[7, 3, 256, 256] Tar=[7, 69, 32, 32] Vis-PTS : 68 (68.0)
 -->>[StudentEval]: [epoch-041-060::8/17][059/060] Time 0.06 (0.78) Data 0.00 (0.52) Forward 0.06 (0.77) Loss 94.1992 (91.7889)  [Time Left: 00:00:00] : L1=17.0249 : L2=56.1730 : L3=10.9085 In=[7, 3, 256, 256] Tar=[7, 69, 32, 32] Vis-PTS : 68 (68.0)
Filter the unlabeled data from 1895 into 1895 data
Teacher::Compute NME and AUC for 1895 images with 68 points :: [(NME): mean=2.322, std=1.852], auc@0.07=68.438, auc@0.08-72.243, acc@0.07=98.786, acc@0.08=98.892
Student::Compute NME and AUC for 1895 images with 68 points :: [(NME): mean=2.349, std=1.830], auc@0.07=67.550, auc@0.08-71.210, acc@0.07=97.494, acc@0.08=97.802
==>>[2020-09-15 13:13:37], [epoch-041-060], evaluate the 9/17-th dataset [video] : GeneralDataset(point-num=68, sigma=6.0, heatmap_type=gaussian, length=1521, dataset=300W-68)
 -->>[TeacherEval]: [epoch-041-060::9/17][000/048] Time 7.38 (7.38) Data 7.09 (7.09) Forward 7.37 (7.37) Loss 137.7208 (137.7208)  [Time Left: 00:05:46] : L1=40.0743 : L2=69.0096 : L3=28.6369 In=[32, 3, 256, 256] Tar=[32, 69, 32, 32] Vis-PTS : 68 (68.0)
 -->>[StudentEval]: [epoch-041-060::9/17][000/048] Time 7.38 (7.38) Data 7.09 (7.09) Forward 7.37 (7.37) Loss 154.2473 (137.7208)  [Time Left: 00:05:46] : L1=40.0743 : L2=69.0096 : L3=28.6369 In=[32, 3, 256, 256] Tar=[32, 69, 32, 32] Vis-PTS : 68 (68.0)
 -->>[TeacherEval]: [epoch-041-060::9/17][047/048] Time 2.97 (0.67) Data 0.00 (0.36) Forward 2.96 (0.67) Loss 170.6440 (173.1074)  [Time Left: 00:00:00] : L1=51.3277 : L2=78.3318 : L3=40.9845 In=[17, 3, 256, 256] Tar=[17, 69, 32, 32] Vis-PTS : 68 (68.0)
 -->>[StudentEval]: [epoch-041-060::9/17][047/048] Time 2.97 (0.67) Data 0.00 (0.36) Forward 2.96 (0.67) Loss 191.1213 (173.1074)  [Time Left: 00:00:00] : L1=51.3277 : L2=78.3318 : L3=40.9845 In=[17, 3, 256, 256] Tar=[17, 69, 32, 32] Vis-PTS : 68 (68.0)
Filter the unlabeled data from 1521 into 1521 data
Teacher::Compute NME and AUC for 1521 images with 68 points :: [(NME): mean=5.509, std=4.126], auc@0.07=37.068, auc@0.08-42.716, acc@0.07=81.394, acc@0.08=82.774
Student::Compute NME and AUC for 1521 images with 68 points :: [(NME): mean=5.571, std=4.066], auc@0.07=36.696, auc@0.08-42.143, acc@0.07=80.537, acc@0.08=81.669
==>>[2020-09-15 13:14:11], [epoch-041-060], evaluate the 10/17-th dataset [video] : GeneralDataset(point-num=68, sigma=6.0, heatmap_type=gaussian, length=1754, dataset=300W-68)
 -->>[TeacherEval]: [epoch-041-060::10/17][000/055] Time 7.28 (7.28) Data 6.95 (6.95) Forward 7.27 (7.27) Loss 150.6122 (150.6122)  [Time Left: 00:06:33] : L1=42.1525 : L2=76.3997 : L3=32.0599 In=[32, 3, 256, 256] Tar=[32, 69, 32, 32] Vis-PTS : 68 (68.0)
 -->>[StudentEval]: [epoch-041-060::10/17][000/055] Time 7.28 (7.28) Data 6.95 (6.95) Forward 7.27 (7.27) Loss 168.6856 (150.6122)  [Time Left: 00:06:33] : L1=42.1525 : L2=76.3997 : L3=32.0599 In=[32, 3, 256, 256] Tar=[32, 69, 32, 32] Vis-PTS : 68 (68.0)
 -->>[TeacherEval]: [epoch-041-060::10/17][054/055] Time 0.21 (0.85) Data 0.00 (0.62) Forward 0.20 (0.84) Loss 100.5390 (163.1769)  [Time Left: 00:00:00] : L1=22.9901 : L2=62.3096 : L3=15.2393 In=[26, 3, 256, 256] Tar=[26, 69, 32, 32] Vis-PTS : 68 (68.0)
 -->>[StudentEval]: [epoch-041-060::10/17][054/055] Time 0.21 (0.85) Data 0.00 (0.62) Forward 0.20 (0.84) Loss 112.6036 (163.1769)  [Time Left: 00:00:00] : L1=22.9901 : L2=62.3096 : L3=15.2393 In=[26, 3, 256, 256] Tar=[26, 69, 32, 32] Vis-PTS : 68 (68.0)
Filter the unlabeled data from 1754 into 1754 data
Teacher::Compute NME and AUC for 1754 images with 68 points :: [(NME): mean=3805.340, std=19440.352], auc@0.07=42.629, auc@0.08-46.917, acc@0.07=76.226, acc@0.08=77.651
Student::Compute NME and AUC for 1754 images with 68 points :: [(NME): mean=3850.903, std=19176.621], auc@0.07=42.165, auc@0.08-46.414, acc@0.07=75.296, acc@0.08=76.605
==>>[2020-09-15 13:14:59], [epoch-041-060], evaluate the 11/17-th dataset [video] : GeneralDataset(point-num=68, sigma=6.0, heatmap_type=gaussian, length=2095, dataset=300W-68)
 -->>[TeacherEval]: [epoch-041-060::11/17][000/066] Time 8.11 (8.11) Data 7.82 (7.82) Forward 8.10 (8.10) Loss 82.9351 (82.9351)  [Time Left: 00:08:46] : L1=14.9083 : L2=57.8590 : L3=10.1678 In=[32, 3, 256, 256] Tar=[32, 69, 32, 32] Vis-PTS : 68 (68.0)
 -->>[StudentEval]: [epoch-041-060::11/17][000/066] Time 8.11 (8.11) Data 7.82 (7.82) Forward 8.10 (8.10) Loss 92.8873 (82.9351)  [Time Left: 00:08:46] : L1=14.9083 : L2=57.8590 : L3=10.1678 In=[32, 3, 256, 256] Tar=[32, 69, 32, 32] Vis-PTS : 68 (68.0)
 -->>[TeacherEval]: [epoch-041-060::11/17][065/066] Time 2.41 (0.95) Data 0.00 (0.68) Forward 2.41 (0.94) Loss 72.0935 (79.0662)  [Time Left: 00:00:00] : L1= 9.9017 : L2=55.2928 : L3= 6.8990 In=[15, 3, 256, 256] Tar=[15, 69, 32, 32] Vis-PTS : 68 (68.0)
 -->>[StudentEval]: [epoch-041-060::11/17][065/066] Time 2.41 (0.95) Data 0.00 (0.68) Forward 2.41 (0.94) Loss 80.7448 (79.0662)  [Time Left: 00:00:00] : L1= 9.9017 : L2=55.2928 : L3= 6.8990 In=[15, 3, 256, 256] Tar=[15, 69, 32, 32] Vis-PTS : 68 (68.0)
Filter the unlabeled data from 2095 into 2095 data
Teacher::Compute NME and AUC for 2095 images with 68 points :: [(NME): mean=1.735, std=0.354], auc@0.07=75.210, auc@0.08-78.310, acc@0.07=100.000, acc@0.08=100.000
Student::Compute NME and AUC for 2095 images with 68 points :: [(NME): mean=1.758, std=0.349], auc@0.07=74.171, auc@0.08-77.209, acc@0.07=98.704, acc@0.08=98.615
==>>[2020-09-15 13:16:04], [epoch-041-060], evaluate the 12/17-th dataset [video] : GeneralDataset(point-num=68, sigma=6.0, heatmap_type=gaussian, length=2041, dataset=300W-68)
 -->>[TeacherEval]: [epoch-041-060::12/17][000/064] Time 6.02 (6.02) Data 5.77 (5.77) Forward 6.01 (6.01) Loss 99.8798 (99.8798)  [Time Left: 00:06:19] : L1=23.5873 : L2=60.9106 : L3=15.3819 In=[32, 3, 256, 256] Tar=[32, 69, 32, 32] Vis-PTS : 68 (68.0)
 -->>[StudentEval]: [epoch-041-060::12/17][000/064] Time 6.02 (6.02) Data 5.77 (5.77) Forward 6.01 (6.01) Loss 111.8654 (99.8798)  [Time Left: 00:06:19] : L1=23.5873 : L2=60.9106 : L3=15.3819 In=[32, 3, 256, 256] Tar=[32, 69, 32, 32] Vis-PTS : 68 (68.0)
 -->>[TeacherEval]: [epoch-041-060::12/17][063/064] Time 2.27 (0.45) Data 0.00 (0.18) Forward 2.27 (0.44) Loss 87.5258 (109.3751)  [Time Left: 00:00:00] : L1=17.9199 : L2=57.3662 : L3=12.2397 In=[25, 3, 256, 256] Tar=[25, 69, 32, 32] Vis-PTS : 68 (68.0)
 -->>[StudentEval]: [epoch-041-060::12/17][063/064] Time 2.27 (0.45) Data 0.00 (0.18) Forward 2.27 (0.44) Loss 98.0290 (109.3751)  [Time Left: 00:00:00] : L1=17.9199 : L2=57.3662 : L3=12.2397 In=[25, 3, 256, 256] Tar=[25, 69, 32, 32] Vis-PTS : 68 (68.0)
Filter the unlabeled data from 2041 into 2041 data
Teacher::Compute NME and AUC for 2041 images with 68 points :: [(NME): mean=2.952, std=1.636], auc@0.07=58.861, auc@0.08-63.829, acc@0.07=98.236, acc@0.08=98.922
Student::Compute NME and AUC for 2041 images with 68 points :: [(NME): mean=2.991, std=1.615], auc@0.07=58.152, auc@0.08-62.908, acc@0.07=96.959, acc@0.08=97.491
==>>[2020-09-15 13:16:35], [epoch-041-060], evaluate the 13/17-th dataset [video] : GeneralDataset(point-num=68, sigma=6.0, heatmap_type=gaussian, length=1367, dataset=300W-68)
 -->>[TeacherEval]: [epoch-041-060::13/17][000/043] Time 4.56 (4.56) Data 4.31 (4.31) Forward 4.55 (4.55) Loss 188.5477 (188.5477)  [Time Left: 00:03:11] : L1=55.9536 : L2=85.0402 : L3=47.5539 In=[32, 3, 256, 256] Tar=[32, 69, 32, 32] Vis-PTS : 68 (68.0)
 -->>[StudentEval]: [epoch-041-060::13/17][000/043] Time 4.56 (4.56) Data 4.31 (4.31) Forward 4.55 (4.55) Loss 211.1734 (188.5477)  [Time Left: 00:03:11] : L1=55.9536 : L2=85.0402 : L3=47.5539 In=[32, 3, 256, 256] Tar=[32, 69, 32, 32] Vis-PTS : 68 (68.0)
 -->>[TeacherEval]: [epoch-041-060::13/17][042/043] Time 2.11 (0.40) Data 0.00 (0.12) Forward 2.11 (0.39) Loss 116.8512 (151.2150)  [Time Left: 00:00:00] : L1=30.4571 : L2=61.8457 : L3=24.5484 In=[23, 3, 256, 256] Tar=[23, 69, 32, 32] Vis-PTS : 68 (68.0)
 -->>[StudentEval]: [epoch-041-060::13/17][042/043] Time 2.11 (0.40) Data 0.00 (0.12) Forward 2.11 (0.39) Loss 130.8733 (151.2150)  [Time Left: 00:00:00] : L1=30.4571 : L2=61.8457 : L3=24.5484 In=[23, 3, 256, 256] Tar=[23, 69, 32, 32] Vis-PTS : 68 (68.0)
Filter the unlabeled data from 1367 into 1367 data
Teacher::Compute NME and AUC for 1367 images with 68 points :: [(NME): mean=5.182, std=3.786], auc@0.07=32.627, auc@0.08-39.620, acc@0.07=85.735, acc@0.08=90.856
Student::Compute NME and AUC for 1367 images with 68 points :: [(NME): mean=5.256, std=3.730], auc@0.07=32.229, auc@0.08-39.062, acc@0.07=84.741, acc@0.08=89.752
==>>[2020-09-15 13:16:54], [epoch-041-060], evaluate the 14/17-th dataset [image] : GeneralDataset(point-num=68, sigma=6.0, heatmap_type=gaussian, length=554, dataset=300W-68)
 -->>[TeacherEval]: [epoch-041-060::14/17][000/018] Time 4.99 (4.99) Data 4.72 (4.72) Forward 4.98 (4.98) Loss 133.7639 (133.7639)  [Time Left: 00:01:24] : L1=34.0432 : L2=71.5389 : L3=28.1818 In=[32, 3, 256, 256] Tar=[32, 69, 32, 32] Vis-PTS : 68 (68.0)
 -->>[StudentEval]: [epoch-041-060::14/17][000/018] Time 4.99 (4.99) Data 4.72 (4.72) Forward 4.98 (4.98) Loss 149.8156 (133.7639)  [Time Left: 00:01:24] : L1=34.0432 : L2=71.5389 : L3=28.1818 In=[32, 3, 256, 256] Tar=[32, 69, 32, 32] Vis-PTS : 68 (68.0)
 -->>[TeacherEval]: [epoch-041-060::14/17][017/018] Time 0.31 (0.56) Data 0.00 (0.33) Forward 0.28 (0.56) Loss 121.7091 (130.8178)  [Time Left: 00:00:00] : L1=29.8440 : L2=67.5198 : L3=24.3453 In=[10, 3, 256, 256] Tar=[10, 69, 32, 32] Vis-PTS : 67 (68.0)
 -->>[StudentEval]: [epoch-041-060::14/17][017/018] Time 0.31 (0.56) Data 0.00 (0.33) Forward 0.28 (0.56) Loss 136.3142 (130.8178)  [Time Left: 00:00:00] : L1=29.8440 : L2=67.5198 : L3=24.3453 In=[10, 3, 256, 256] Tar=[10, 69, 32, 32] Vis-PTS : 67 (68.0)
Filter the unlabeled data from 554 into 554 data
Teacher::Compute NME and AUC for 554 images with 68 points :: [(NME): mean=3.592, std=1.194], auc@0.07=49.092, auc@0.08-55.279, acc@0.07=98.014, acc@0.08=99.097
Student::Compute NME and AUC for 554 images with 68 points :: [(NME): mean=3.632, std=1.176], auc@0.07=48.386, auc@0.08-54.495, acc@0.07=96.746, acc@0.08=98.084
==>>[2020-09-15 13:17:05], [epoch-041-060], evaluate the 15/17-th dataset [image] : GeneralDataset(point-num=68, sigma=6.0, heatmap_type=gaussian, length=135, dataset=300W-68)
 -->>[TeacherEval]: [epoch-041-060::15/17][000/005] Time 2.36 (2.36) Data 2.09 (2.09) Forward 2.35 (2.35) Loss 185.4692 (185.4692)  [Time Left: 00:00:09] : L1=52.2814 : L2=88.0208 : L3=45.1671 In=[32, 3, 256, 256] Tar=[32, 69, 32, 32] Vis-PTS : 67 (67.9)
 -->>[StudentEval]: [epoch-041-060::15/17][000/005] Time 2.36 (2.36) Data 2.09 (2.09) Forward 2.35 (2.35) Loss 207.7255 (185.4692)  [Time Left: 00:00:09] : L1=52.2814 : L2=88.0208 : L3=45.1671 In=[32, 3, 256, 256] Tar=[32, 69, 32, 32] Vis-PTS : 67 (67.9)
 -->>[TeacherEval]: [epoch-041-060::15/17][004/005] Time 0.05 (0.61) Data 0.00 (0.42) Forward 0.05 (0.60) Loss 191.4333 (187.6578)  [Time Left: 00:00:00] : L1=57.0525 : L2=89.2984 : L3=45.0825 In=[7, 3, 256, 256] Tar=[7, 69, 32, 32] Vis-PTS : 68 (67.9)
 -->>[StudentEval]: [epoch-041-060::15/17][004/005] Time 0.05 (0.61) Data 0.00 (0.42) Forward 0.05 (0.60) Loss 214.4053 (187.6578)  [Time Left: 00:00:00] : L1=57.0525 : L2=89.2984 : L3=45.0825 In=[7, 3, 256, 256] Tar=[7, 69, 32, 32] Vis-PTS : 68 (67.9)
Filter the unlabeled data from 135 into 135 data
Teacher::Compute NME and AUC for 135 images with 68 points :: [(NME): mean=7.165, std=3.344], auc@0.07=15.781, auc@0.08-22.124, acc@0.07=62.963, acc@0.08=70.370
Student::Compute NME and AUC for 135 images with 68 points :: [(NME): mean=7.242, std=3.296], auc@0.07=15.603, auc@0.08-21.810, acc@0.07=62.201, acc@0.08=69.651
==>>[2020-09-15 13:17:08], [epoch-041-060], evaluate the 16/17-th dataset [image] : GeneralDataset(point-num=68, sigma=6.0, heatmap_type=gaussian, length=689, dataset=300W-68)
 -->>[TeacherEval]: [epoch-041-060::16/17][000/022] Time 4.67 (4.67) Data 4.27 (4.27) Forward 4.66 (4.66) Loss 133.7639 (133.7639)  [Time Left: 00:01:38] : L1=34.0432 : L2=71.5389 : L3=28.1818 In=[32, 3, 256, 256] Tar=[32, 69, 32, 32] Vis-PTS : 68 (68.0)
 -->>[StudentEval]: [epoch-041-060::16/17][000/022] Time 4.67 (4.67) Data 4.27 (4.27) Forward 4.66 (4.66) Loss 149.8156 (133.7639)  [Time Left: 00:01:38] : L1=34.0432 : L2=71.5389 : L3=28.1818 In=[32, 3, 256, 256] Tar=[32, 69, 32, 32] Vis-PTS : 68 (68.0)
 -->>[TeacherEval]: [epoch-041-060::16/17][021/022] Time 0.12 (0.46) Data 0.00 (0.23) Forward 0.12 (0.46) Loss 179.6477 (141.9543)  [Time Left: 00:00:00] : L1=52.3977 : L2=84.9178 : L3=42.3322 In=[17, 3, 256, 256] Tar=[17, 69, 32, 32] Vis-PTS : 67 (67.9)
 -->>[StudentEval]: [epoch-041-060::16/17][021/022] Time 0.12 (0.46) Data 0.00 (0.23) Forward 0.12 (0.46) Loss 201.2054 (141.9543)  [Time Left: 00:00:00] : L1=52.3977 : L2=84.9178 : L3=42.3322 In=[17, 3, 256, 256] Tar=[17, 69, 32, 32] Vis-PTS : 67 (67.9)
Filter the unlabeled data from 689 into 689 data
Teacher::Compute NME and AUC for 689 images with 68 points :: [(NME): mean=4.292, std=2.313], auc@0.07=42.565, auc@0.08-48.783, acc@0.07=91.147, acc@0.08=93.469
Student::Compute NME and AUC for 689 images with 68 points :: [(NME): mean=4.355, std=2.289], auc@0.07=41.992, auc@0.08-48.262, acc@0.07=89.902, acc@0.08=92.162
Teacher::NME Results : 620.04, 38.95, 2.97, 2.39, 3.61, 2.75, 9.14, 3.97, 2.32, 5.51, 3805.34, 1.74, 2.95, 5.18, 3.59, 7.17, 4.29
Student::NME Results : 627.02, 39.52, 3.01, 2.42, 3.66, 2.79, 9.25, 4.03, 2.35, 5.57, 3850.90, 1.76, 2.99, 5.26, 3.63, 7.24, 4.36

==>>[2020-09-15 13:17:20] [epoch-042-060], [[Time Left: 04:13:38]], LR : [0.00001 ~ 0.00010], Config : Configure(optimizer='SGD', LR=5e-05, momentum=0.9, Decay=0.0005, nesterov=True, criterion='MSE-none', loss_norm=True, lossnorm=True, epochs=60, schedule=[40, 50], gamma=0.5, stages=1)
