Main Function with logger : Logger(dir=snapshots/debug)
Arguments : -------------------------------
arg_flip         : False
batch_size       : 1
crop_height      : 256
crop_perturb_max : 30
crop_width       : 256
data_indicator   : 300W-68
error_bar        : None
eval_ilists      : ['/home/mry/PycharmProjects/SALD/cache_data/lists/300W/300w.test.challenge.DET']
eval_once        : False
eval_vlists      : None
heatmap_type     : gaussian
load_test_model  : None
model_config     : ./configs/Detector.config
num_pts          : 68
opt_config       : ./configs/optimizer.config
pre_crop_expand  : 0.2
print_freq       : 100
pyramid_input    : True
rand_seed        : 68114
rotate_max       : 20
save_path        : ./snapshots/debug
scale_eval       : 1.0
scale_max        : 1.1
scale_min        : 0.9
scale_prob       : 1.0
sigma            : 4.0
train_lists      : ['/home/mry/PycharmProjects/SALD/cache_data/lists/300VW/300VW.test-1.lst.sparse.10']
usefocalloss     : False
usepca           : False
workers          : 8
Python  version : 3.6.7 | packaged by conda-forge | (default, Nov  6 2019, 16:19:42)  [GCC 7.3.0]
Pillow  version : 7.0.0
PyTorch version : 1.4.0
cuDNN   version : 7603
./configs/Detector.config
Configure(arch='cpm_vgg16', stages=3, dilation=[1], pooling=[True, True, True], downsample=8, argmax=4, pretrained=[True])
Real Sigma : 4.0
configure : Configure(arch='cpm_vgg16', stages=3, dilation=[1], pooling=[True, True, True], downsample=8, argmax=4, pretrained=[True])
=> network :
 VGG16_base(
  (features): Sequential(
    (0): Conv2d(3, 64, kernel_size=(3, 3), stride=(1, 1), padding=(1, 1))
    (1): ReLU(inplace=True)
    (2): Conv2d(64, 64, kernel_size=(3, 3), stride=(1, 1), padding=(1, 1))
    (3): ReLU(inplace=True)
    (4): MaxPool2d(kernel_size=2, stride=2, padding=0, dilation=1, ceil_mode=False)
    (5): Conv2d(64, 128, kernel_size=(3, 3), stride=(1, 1), padding=(1, 1))
    (6): ReLU(inplace=True)
    (7): Conv2d(128, 128, kernel_size=(3, 3), stride=(1, 1), padding=(1, 1))
    (8): ReLU(inplace=True)
    (9): MaxPool2d(kernel_size=2, stride=2, padding=0, dilation=1, ceil_mode=False)
    (10): Conv2d(128, 256, kernel_size=(3, 3), stride=(1, 1), padding=(1, 1))
    (11): ReLU(inplace=True)
    (12): Conv2d(256, 256, kernel_size=(3, 3), stride=(1, 1), padding=(1, 1))
    (13): ReLU(inplace=True)
    (14): Conv2d(256, 256, kernel_size=(3, 3), stride=(1, 1), padding=(1, 1))
    (15): ReLU(inplace=True)
    (16): MaxPool2d(kernel_size=2, stride=2, padding=0, dilation=1, ceil_mode=False)
    (17): Conv2d(256, 512, kernel_size=(3, 3), stride=(1, 1), padding=(1, 1))
    (18): ReLU(inplace=True)
    (19): Conv2d(512, 512, kernel_size=(3, 3), stride=(1, 1), padding=(1, 1))
    (20): ReLU(inplace=True)
    (21): Conv2d(512, 512, kernel_size=(3, 3), stride=(1, 1), padding=(1, 1))
    (22): ReLU(inplace=True)
  )
  (CPM_feature): Sequential(
    (0): Conv2d(512, 256, kernel_size=(3, 3), stride=(1, 1), padding=(1, 1))
    (1): ReLU(inplace=True)
    (2): Conv2d(256, 128, kernel_size=(3, 3), stride=(1, 1), padding=(1, 1))
    (3): ReLU(inplace=True)
  )
  (stages): ModuleList(
    (0): Sequential(
      (0): Conv2d(128, 128, kernel_size=(3, 3), stride=(1, 1), padding=(1, 1))
      (1): ReLU(inplace=True)
      (2): Conv2d(128, 128, kernel_size=(3, 3), stride=(1, 1), padding=(1, 1))
      (3): ReLU(inplace=True)
      (4): Conv2d(128, 128, kernel_size=(3, 3), stride=(1, 1), padding=(1, 1))
      (5): ReLU(inplace=True)
      (6): Conv2d(128, 128, kernel_size=(3, 3), stride=(1, 1), padding=(1, 1))
      (7): ReLU(inplace=True)
      (8): Conv2d(128, 512, kernel_size=(1, 1), stride=(1, 1))
      (9): ReLU(inplace=True)
      (10): Conv2d(512, 69, kernel_size=(1, 1), stride=(1, 1))
    )
    (1): Sequential(
      (0): Conv2d(197, 128, kernel_size=(7, 7), stride=(1, 1), padding=(3, 3))
      (1): ReLU(inplace=True)
      (2): Conv2d(128, 128, kernel_size=(7, 7), stride=(1, 1), padding=(3, 3))
      (3): ReLU(inplace=True)
      (4): Conv2d(128, 128, kernel_size=(7, 7), stride=(1, 1), padding=(3, 3))
      (5): ReLU(inplace=True)
      (6): Conv2d(128, 128, kernel_size=(3, 3), stride=(1, 1), padding=(1, 1))
      (7): ReLU(inplace=True)
      (8): Conv2d(128, 128, kernel_size=(3, 3), stride=(1, 1), padding=(1, 1))
      (9): ReLU(inplace=True)
      (10): Conv2d(128, 128, kernel_size=(3, 3), stride=(1, 1), padding=(1, 1))
      (11): ReLU(inplace=True)
      (12): Conv2d(128, 128, kernel_size=(3, 3), stride=(1, 1), padding=(1, 1))
      (13): ReLU(inplace=True)
      (14): Conv2d(128, 128, kernel_size=(1, 1), stride=(1, 1))
      (15): ReLU(inplace=True)
      (16): Conv2d(128, 69, kernel_size=(1, 1), stride=(1, 1))
    )
    (2): Sequential(
      (0): Conv2d(197, 128, kernel_size=(7, 7), stride=(1, 1), padding=(3, 3))
      (1): ReLU(inplace=True)
      (2): Conv2d(128, 128, kernel_size=(7, 7), stride=(1, 1), padding=(3, 3))
      (3): ReLU(inplace=True)
      (4): Conv2d(128, 128, kernel_size=(7, 7), stride=(1, 1), padding=(3, 3))
      (5): ReLU(inplace=True)
      (6): Conv2d(128, 128, kernel_size=(3, 3), stride=(1, 1), padding=(1, 1))
      (7): ReLU(inplace=True)
      (8): Conv2d(128, 128, kernel_size=(3, 3), stride=(1, 1), padding=(1, 1))
      (9): ReLU(inplace=True)
      (10): Conv2d(128, 128, kernel_size=(3, 3), stride=(1, 1), padding=(1, 1))
      (11): ReLU(inplace=True)
      (12): Conv2d(128, 128, kernel_size=(3, 3), stride=(1, 1), padding=(1, 1))
      (13): ReLU(inplace=True)
      (14): Conv2d(128, 128, kernel_size=(1, 1), stride=(1, 1))
      (15): ReLU(inplace=True)
      (16): Conv2d(128, 69, kernel_size=(1, 1), stride=(1, 1))
    )
  )
  (layer3_forhm): Sequential(
    (0): Bottleneck(
      (conv1): Conv2d(128, 256, kernel_size=(1, 1), stride=(1, 1), bias=False)
      (bn1): BatchNorm2d(256, eps=1e-05, momentum=0.1, affine=True, track_running_stats=True)
      (conv2): Conv2d(256, 256, kernel_size=(3, 3), stride=(2, 2), padding=(1, 1), bias=False)
      (bn2): BatchNorm2d(256, eps=1e-05, momentum=0.1, affine=True, track_running_stats=True)
      (conv3): Conv2d(256, 1024, kernel_size=(1, 1), stride=(1, 1), bias=False)
      (bn3): BatchNorm2d(1024, eps=1e-05, momentum=0.1, affine=True, track_running_stats=True)
      (relu): ReLU(inplace=True)
      (downsample): Sequential(
        (0): Conv2d(128, 1024, kernel_size=(1, 1), stride=(2, 2), bias=False)
        (1): BatchNorm2d(1024, eps=1e-05, momentum=0.1, affine=True, track_running_stats=True)
      )
    )
    (1): Bottleneck(
      (conv1): Conv2d(1024, 256, kernel_size=(1, 1), stride=(1, 1), bias=False)
      (bn1): BatchNorm2d(256, eps=1e-05, momentum=0.1, affine=True, track_running_stats=True)
      (conv2): Conv2d(256, 256, kernel_size=(3, 3), stride=(1, 1), padding=(1, 1), bias=False)
      (bn2): BatchNorm2d(256, eps=1e-05, momentum=0.1, affine=True, track_running_stats=True)
      (conv3): Conv2d(256, 1024, kernel_size=(1, 1), stride=(1, 1), bias=False)
      (bn3): BatchNorm2d(1024, eps=1e-05, momentum=0.1, affine=True, track_running_stats=True)
      (relu): ReLU(inplace=True)
    )
    (2): Bottleneck(
      (conv1): Conv2d(1024, 256, kernel_size=(1, 1), stride=(1, 1), bias=False)
      (bn1): BatchNorm2d(256, eps=1e-05, momentum=0.1, affine=True, track_running_stats=True)
      (conv2): Conv2d(256, 256, kernel_size=(3, 3), stride=(1, 1), padding=(1, 1), bias=False)
      (bn2): BatchNorm2d(256, eps=1e-05, momentum=0.1, affine=True, track_running_stats=True)
      (conv3): Conv2d(256, 1024, kernel_size=(1, 1), stride=(1, 1), bias=False)
      (bn3): BatchNorm2d(1024, eps=1e-05, momentum=0.1, affine=True, track_running_stats=True)
      (relu): ReLU(inplace=True)
    )
    (3): Bottleneck(
      (conv1): Conv2d(1024, 256, kernel_size=(1, 1), stride=(1, 1), bias=False)
      (bn1): BatchNorm2d(256, eps=1e-05, momentum=0.1, affine=True, track_running_stats=True)
      (conv2): Conv2d(256, 256, kernel_size=(3, 3), stride=(1, 1), padding=(1, 1), bias=False)
      (bn2): BatchNorm2d(256, eps=1e-05, momentum=0.1, affine=True, track_running_stats=True)
      (conv3): Conv2d(256, 1024, kernel_size=(1, 1), stride=(1, 1), bias=False)
      (bn3): BatchNorm2d(1024, eps=1e-05, momentum=0.1, affine=True, track_running_stats=True)
      (relu): ReLU(inplace=True)
    )
    (4): Bottleneck(
      (conv1): Conv2d(1024, 256, kernel_size=(1, 1), stride=(1, 1), bias=False)
      (bn1): BatchNorm2d(256, eps=1e-05, momentum=0.1, affine=True, track_running_stats=True)
      (conv2): Conv2d(256, 256, kernel_size=(3, 3), stride=(1, 1), padding=(1, 1), bias=False)
      (bn2): BatchNorm2d(256, eps=1e-05, momentum=0.1, affine=True, track_running_stats=True)
      (conv3): Conv2d(256, 1024, kernel_size=(1, 1), stride=(1, 1), bias=False)
      (bn3): BatchNorm2d(1024, eps=1e-05, momentum=0.1, affine=True, track_running_stats=True)
      (relu): ReLU(inplace=True)
    )
    (5): Bottleneck(
      (conv1): Conv2d(1024, 256, kernel_size=(1, 1), stride=(1, 1), bias=False)
      (bn1): BatchNorm2d(256, eps=1e-05, momentum=0.1, affine=True, track_running_stats=True)
      (conv2): Conv2d(256, 256, kernel_size=(3, 3), stride=(1, 1), padding=(1, 1), bias=False)
      (bn2): BatchNorm2d(256, eps=1e-05, momentum=0.1, affine=True, track_running_stats=True)
      (conv3): Conv2d(256, 1024, kernel_size=(1, 1), stride=(1, 1), bias=False)
      (bn3): BatchNorm2d(1024, eps=1e-05, momentum=0.1, affine=True, track_running_stats=True)
      (relu): ReLU(inplace=True)
    )
  )
  (layer4_forhm): Sequential(
    (0): Bottleneck(
      (conv1): Conv2d(1024, 512, kernel_size=(1, 1), stride=(1, 1), bias=False)
      (bn1): BatchNorm2d(512, eps=1e-05, momentum=0.1, affine=True, track_running_stats=True)
      (conv2): Conv2d(512, 512, kernel_size=(3, 3), stride=(2, 2), padding=(1, 1), bias=False)
      (bn2): BatchNorm2d(512, eps=1e-05, momentum=0.1, affine=True, track_running_stats=True)
      (conv3): Conv2d(512, 2048, kernel_size=(1, 1), stride=(1, 1), bias=False)
      (bn3): BatchNorm2d(2048, eps=1e-05, momentum=0.1, affine=True, track_running_stats=True)
      (relu): ReLU(inplace=True)
      (downsample): Sequential(
        (0): Conv2d(1024, 2048, kernel_size=(1, 1), stride=(2, 2), bias=False)
        (1): BatchNorm2d(2048, eps=1e-05, momentum=0.1, affine=True, track_running_stats=True)
      )
    )
    (1): Bottleneck(
      (conv1): Conv2d(2048, 512, kernel_size=(1, 1), stride=(1, 1), bias=False)
      (bn1): BatchNorm2d(512, eps=1e-05, momentum=0.1, affine=True, track_running_stats=True)
      (conv2): Conv2d(512, 512, kernel_size=(3, 3), stride=(1, 1), padding=(1, 1), bias=False)
      (bn2): BatchNorm2d(512, eps=1e-05, momentum=0.1, affine=True, track_running_stats=True)
      (conv3): Conv2d(512, 2048, kernel_size=(1, 1), stride=(1, 1), bias=False)
      (bn3): BatchNorm2d(2048, eps=1e-05, momentum=0.1, affine=True, track_running_stats=True)
      (relu): ReLU(inplace=True)
    )
    (2): Bottleneck(
      (conv1): Conv2d(2048, 512, kernel_size=(1, 1), stride=(1, 1), bias=False)
      (bn1): BatchNorm2d(512, eps=1e-05, momentum=0.1, affine=True, track_running_stats=True)
      (conv2): Conv2d(512, 512, kernel_size=(3, 3), stride=(1, 1), padding=(1, 1), bias=False)
      (bn2): BatchNorm2d(512, eps=1e-05, momentum=0.1, affine=True, track_running_stats=True)
      (conv3): Conv2d(512, 2048, kernel_size=(1, 1), stride=(1, 1), bias=False)
      (bn3): BatchNorm2d(2048, eps=1e-05, momentum=0.1, affine=True, track_running_stats=True)
      (relu): ReLU(inplace=True)
    )
  )
  (deconv_layers_forhm): Sequential(
    (0): ConvTranspose2d(2048, 256, kernel_size=(4, 4), stride=(2, 2), padding=(1, 1), bias=False)
    (1): BatchNorm2d(256, eps=1e-05, momentum=0.1, affine=True, track_running_stats=True)
    (2): ReLU(inplace=True)
    (3): ConvTranspose2d(256, 256, kernel_size=(4, 4), stride=(2, 2), padding=(1, 1), bias=False)
    (4): BatchNorm2d(256, eps=1e-05, momentum=0.1, affine=True, track_running_stats=True)
    (5): ReLU(inplace=True)
    (6): ConvTranspose2d(256, 256, kernel_size=(4, 4), stride=(2, 2), padding=(1, 1), bias=False)
    (7): BatchNorm2d(256, eps=1e-05, momentum=0.1, affine=True, track_running_stats=True)
    (8): ReLU(inplace=True)
  )
  (hm): Sequential(
    (0): Conv2d(256, 128, kernel_size=(3, 3), stride=(2, 2), padding=(1, 1))
    (1): ReLU(inplace=True)
    (2): Conv2d(128, 1, kernel_size=(1, 1), stride=(1, 1))
  )
  (hmhp_offset): Sequential(
    (0): Conv2d(256, 128, kernel_size=(3, 3), stride=(2, 2), padding=(1, 1))
    (1): ReLU(inplace=True)
    (2): Conv2d(128, 136, kernel_size=(1, 1), stride=(1, 1))
  )
)
Training-data : GeneralDataset(point-num=68, sigma=4.0, heatmap_type=gaussian, length=6260, dataset=300W-68)
The [ 0/ 1]-th testing-data [image] = GeneralDataset(point-num=68, sigma=4.0, heatmap_type=gaussian, length=1350, dataset=300W-68)
arguments : Namespace(arg_flip=False, batch_size=1, crop_height=256, crop_perturb_max=30, crop_width=256, data_indicator='300W-68', error_bar=None, eval_ilists=['/home/mry/PycharmProjects/SALD/cache_data/lists/300W/300w.test.challenge.DET'], eval_once=False, eval_vlists=None, heatmap_type='gaussian', load_test_model=None, model_config='./configs/Detector.config', num_pts=68, opt_config='./configs/optimizer.config', pre_crop_expand=0.2, print_freq=100, pyramid_input=True, rand_seed=68114, rotate_max=20, save_path='./snapshots/debug', scale_eval=1.0, scale_max=1.1, scale_min=0.9, scale_prob=1.0, sigma=4.0, train_lists=['/home/mry/PycharmProjects/SALD/cache_data/lists/300VW/300VW.test-1.lst.sparse.10'], usefocalloss=False, usepca=False, workers=8)
./configs/optimizer.config
Configure(optimizer='Adam', LR=5e-05, momentum=0.9, Decay=0.0005, nesterov=True, criterion='MSE-none', loss_norm=True, lossnorm=True, epochs=150, schedule=[90, 110, 130], gamma=0.5, stages=1)
Optimizer : Adam (
Parameter Group 0
    amsgrad: False
    betas: (0.9, 0.999)
    eps: 1e-08
    initial_lr: 5e-05
    lr: 5e-05
    weight_decay: 0
), MSE Loss with size-average=False
Optimizer : Adam (
Parameter Group 0
    amsgrad: False
    betas: (0.9, 0.999)
    eps: 1e-08
    initial_lr: 5e-05
    lr: 5e-05
    weight_decay: 0.0005

Parameter Group 1
    amsgrad: False
    betas: (0.9, 0.999)
    eps: 1e-08
    initial_lr: 0.0001
    lr: 0.0001
    weight_decay: 0

Parameter Group 2
    amsgrad: False
    betas: (0.9, 0.999)
    eps: 1e-08
    initial_lr: 5e-05
    lr: 5e-05
    weight_decay: 0.0005

Parameter Group 3
    amsgrad: False
    betas: (0.9, 0.999)
    eps: 1e-08
    initial_lr: 0.0001
    lr: 0.0001
    weight_decay: 0

Parameter Group 4
    amsgrad: False
    betas: (0.9, 0.999)
    eps: 1e-08
    initial_lr: 0.0002
    lr: 0.0002
    weight_decay: 0.0005

Parameter Group 5
    amsgrad: False
    betas: (0.9, 0.999)
    eps: 1e-08
    initial_lr: 0.0004
    lr: 0.0004
    weight_decay: 0

Parameter Group 6
    amsgrad: False
    betas: (0.9, 0.999)
    eps: 1e-08
    initial_lr: 0.0002
    lr: 0.0002
    weight_decay: 0.0005

Parameter Group 7
    amsgrad: False
    betas: (0.9, 0.999)
    eps: 1e-08
    initial_lr: 0.0004
    lr: 0.0004
    weight_decay: 0

Parameter Group 8
    amsgrad: False
    betas: (0.9, 0.999)
    eps: 1e-08
    initial_lr: 0.0002
    lr: 0.0002
    weight_decay: 0.0005

Parameter Group 9
    amsgrad: False
    betas: (0.9, 0.999)
    eps: 1e-08
    initial_lr: 0.0004
    lr: 0.0004
    weight_decay: 0
), MSE Loss with size-average=False
criterion : MSELoss()
=> do not find the last-info file : snapshots/debug/last-info_real.pth

==>>[2020-08-30 12:23:52] [epoch-000-150], [[Time Left: 00:00:00]], LR : [0.00005 ~ 0.00040], Config : Configure(optimizer='Adam', LR=5e-05, momentum=0.9, Decay=0.0005, nesterov=True, criterion='MSE-none', loss_norm=True, lossnorm=True, epochs=150, schedule=[90, 110, 130], gamma=0.5, stages=1)
 -->>[Train]: [epoch-000-150][008/6260] Time 17.75 (17.75) Data 9.67 (9.67) Forward 12.67 (12.67) Loss 1770.3987 (1770.3987)  [Time Left: 30:49:36] : L1=483.0948 : L2=483.1054 : L3=483.1060 In=[10, 3, 256, 256] Tar=[10, 69, 32, 32] Vis-PTS : 67 (67.3)Loss_SIC:189.3310 ,Loss_noseHM 29.2114, Loss_Loc 102.5501Loss_motion     nan
 -->>[Train]: [epoch-000-150][008/6260] Time 4.20 (10.98) Data 3.93 (6.80) Forward 4.03 (8.35) Loss 1675.4363 (1722.9175)  [Time Left: 19:03:30] : L1=477.5181 : L2=478.1487 : L3=478.1967 In=[10, 3, 256, 256] Tar=[10, 69, 32, 32] Vis-PTS : 67 (67.5)Loss_SIC:104.7251 ,Loss_noseHM 29.1234, Loss_Loc 107.7242Loss_motion     nan
 -->>[Train]: [epoch-000-150][008/6260] Time 3.92 (8.62) Data 3.66 (5.75) Forward 3.76 (6.82) Loss 1626.3453 (1690.7268)  [Time Left: 14:58:20] : L1=483.0201 : L2=484.3012 : L3=484.4731 In=[10, 3, 256, 256] Tar=[10, 69, 32, 32] Vis-PTS : 66 (67.2)Loss_SIC:54.0788 ,Loss_noseHM 29.2033, Loss_Loc 91.2688Loss_motion     nan
 -->>[Train]: [epoch-000-150][008/6260] Time 4.20 (7.52) Data 3.93 (5.30) Forward 4.04 (6.12) Loss 1682.1199 (1688.5750)  [Time Left: 13:03:03] : L1=478.6735 : L2=480.3353 : L3=481.0590 In=[10, 3, 256, 256] Tar=[10, 69, 32, 32] Vis-PTS : 67 (67.2)Loss_SIC:116.2128 ,Loss_noseHM 29.2794, Loss_Loc 96.5598Loss_motion     nan
 -->>[Train]: [epoch-000-150][008/6260] Time 3.48 (6.71) Data 3.23 (4.88) Forward 3.32 (5.56) Loss 1631.5620 (1677.1724)  [Time Left: 11:38:56] : L1=475.0869 : L2=475.0620 : L3=477.7764 In=[10, 3, 256, 256] Tar=[10, 69, 32, 32] Vis-PTS : 66 (67.1)Loss_SIC:80.9510 ,Loss_noseHM 29.1552, Loss_Loc 93.5306Loss_motion     nan
 -->>[Train]: [epoch-000-150][008/6260] Time 3.73 (6.21) Data 3.48 (4.65) Forward 3.57 (5.23) Loss 1637.3617 (1670.5373)  [Time Left: 10:47:10] : L1=472.3214 : L2=462.4817 : L3=471.8634 In=[10, 3, 256, 256] Tar=[10, 69, 32, 32] Vis-PTS : 67 (67.1)Loss_SIC:87.2644 ,Loss_noseHM 29.2065, Loss_Loc 114.2241Loss_motion     nan
 -->>[Train]: [epoch-000-150][008/6260] Time 3.76 (5.86) Data 3.51 (4.49) Forward 3.60 (5.00) Loss 1488.1152 (1644.4770)  [Time Left: 10:10:41] : L1=457.9075 : L2=415.9911 : L3=442.2441 In=[10, 3, 256, 256] Tar=[10, 69, 32, 32] Vis-PTS : 67 (67.1)Loss_SIC:43.6478 ,Loss_noseHM 29.2702, Loss_Loc 99.0546Loss_motion     nan
 -->>[Train]: [epoch-000-150][008/6260] Time 4.28 (5.66) Data 4.03 (4.43) Forward 4.12 (4.89) Loss 1593.7991 (1638.1423)  [Time Left: 09:50:08] : L1=448.8950 : L2=342.6909 : L3=395.2635 In=[10, 3, 256, 256] Tar=[10, 69, 32, 32] Vis-PTS : 67 (67.2)Loss_SIC:270.8455 ,Loss_noseHM 29.1394, Loss_Loc 106.9645Loss_motion     nan
 -->>[Train]: [epoch-000-150][008/6260] Time 3.84 (5.46) Data 3.58 (4.33) Forward 3.68 (4.75) Loss 1214.7212 (1591.0955)  [Time Left: 09:29:00] : L1=431.0363 : L2=243.7619 : L3=306.0594 In=[10, 3, 256, 256] Tar=[10, 69, 32, 32] Vis-PTS : 67 (67.2)Loss_SIC:95.3488 ,Loss_noseHM 29.1723, Loss_Loc 109.3424Loss_motion     nan
 -->>[Train]: [epoch-000-150][008/6260] Time 3.85 (5.30) Data 3.58 (4.26) Forward 3.69 (4.65) Loss 1915.7175 (1623.5577)  [Time Left: 09:12:13] : L1=384.3882 : L2=801.9904 : L3=502.5036 In=[10, 3, 256, 256] Tar=[10, 69, 32, 32] Vis-PTS : 67 (67.3)Loss_SIC:86.4407 ,Loss_noseHM 29.1606, Loss_Loc 111.2338Loss_motion     nan
 -->>[Train]: [epoch-000-150][008/6260] Time 4.18 (5.20) Data 3.92 (4.23) Forward 4.02 (4.59) Loss 1318.9299 (1595.8643)  [Time Left: 09:01:37] : L1=334.0783 : L2=406.7226 : L3=266.9646 In=[10, 3, 256, 256] Tar=[10, 69, 32, 32] Vis-PTS : 67 (67.3)Loss_SIC:173.9814 ,Loss_noseHM 29.1762, Loss_Loc 108.0069Loss_motion     nan
 -->>[Train]: [epoch-000-150][008/6260] Time 4.32 (5.13) Data 4.05 (4.21) Forward 4.16 (4.55) Loss 1286.9965 (1570.1253)  [Time Left: 08:54:01] : L1=320.9632 : L2=225.7331 : L3=281.6051 In=[10, 3, 256, 256] Tar=[10, 69, 32, 32] Vis-PTS : 67 (67.3)Loss_SIC:327.6081 ,Loss_noseHM 29.1396, Loss_Loc 101.9474Loss_motion     nan
 -->>[Train]: [epoch-000-150][008/6260] Time 3.96 (5.04) Data 3.69 (4.17) Forward 3.79 (4.50) Loss 1267.4698 (1546.8441)  [Time Left: 08:44:41] : L1=302.6562 : L2=351.3189 : L3=371.3550 In=[10, 3, 256, 256] Tar=[10, 69, 32, 32] Vis-PTS : 67 (67.4)Loss_SIC:109.2238 ,Loss_noseHM 29.1997, Loss_Loc 103.7161Loss_motion     nan
 -->>[Train]: [epoch-000-150][008/6260] Time 4.40 (4.99) Data 4.12 (4.17) Forward 4.23 (4.48) Loss 1271.4187 (1527.1708)  [Time Left: 08:39:57] : L1=200.8413 : L2=376.2875 : L3=371.8989 In=[10, 3, 256, 256] Tar=[10, 69, 32, 32] Vis-PTS : 67 (67.4)Loss_SIC:188.2824 ,Loss_noseHM 29.2033, Loss_Loc 104.9051Loss_motion     nan
 -->>[Train]: [epoch-000-150][008/6260] Time 4.20 (4.94) Data 3.93 (4.15) Forward 4.03 (4.45) Loss 1194.4423 (1504.9889)  [Time Left: 08:34:26] : L1=123.5082 : L2=409.3852 : L3=385.4594 In=[10, 3, 256, 256] Tar=[10, 69, 32, 32] Vis-PTS : 67 (67.4)Loss_SIC:142.8216 ,Loss_noseHM 29.1461, Loss_Loc 104.1218Loss_motion     nan
 -->>[Train]: [epoch-000-150][008/6260] Time 3.97 (4.88) Data 3.71 (4.13) Forward 3.81 (4.41) Loss 1174.9896 (1484.3640)  [Time Left: 08:28:09] : L1=93.6396 : L2=428.7199 : L3=393.7743 In=[10, 3, 256, 256] Tar=[10, 69, 32, 32] Vis-PTS : 67 (67.4)Loss_SIC:127.3249 ,Loss_noseHM 29.1688, Loss_Loc 102.3620Loss_motion     nan
 -->>[Train]: [epoch-000-150][008/6260] Time 4.13 (4.83) Data 3.87 (4.11) Forward 3.97 (4.38) Loss 1203.3163 (1467.8318)  [Time Left: 08:23:34] : L1=128.0546 : L2=444.9461 : L3=396.8765 In=[10, 3, 256, 256] Tar=[10, 69, 32, 32] Vis-PTS : 66 (67.3)Loss_SIC:92.6959 ,Loss_noseHM 29.1479, Loss_Loc 111.5954Loss_motion     nan
 -->>[Train]: [epoch-000-150][008/6260] Time 4.06 (4.79) Data 3.80 (4.09) Forward 3.90 (4.35) Loss 1464.6276 (1467.6538)  [Time Left: 08:19:06] : L1=232.0404 : L2=447.4491 : L3=375.6076 In=[10, 3, 256, 256] Tar=[10, 69, 32, 32] Vis-PTS : 67 (67.3)Loss_SIC:280.1446 ,Loss_noseHM 29.1870, Loss_Loc 100.1988Loss_motion     nan
 -->>[Train]: [epoch-000-150][008/6260] Time 3.89 (4.74) Data 3.63 (4.07) Forward 3.73 (4.32) Loss 1245.3622 (1455.9542)  [Time Left: 08:14:09] : L1=134.7699 : L2=451.7564 : L3=363.6297 In=[10, 3, 256, 256] Tar=[10, 69, 32, 32] Vis-PTS : 68 (67.4)Loss_SIC:176.9374 ,Loss_noseHM 29.1520, Loss_Loc 89.1166Loss_motion     nan
 -->>[Train]: [epoch-000-150][008/6260] Time 3.67 (4.69) Data 3.42 (4.04) Forward 3.52 (4.28) Loss 1243.7247 (1445.3427)  [Time Left: 08:08:34] : L1=94.0239 : L2=458.6391 : L3=348.3589 In=[10, 3, 256, 256] Tar=[10, 69, 32, 32] Vis-PTS : 66 (67.4)Loss_SIC:216.6297 ,Loss_noseHM 29.1660, Loss_Loc 96.9071Loss_motion     nan
 -->>[Train]: [epoch-000-150][008/6260] Time 3.48 (4.63) Data 3.22 (4.00) Forward 3.32 (4.24) Loss 1138.5002 (1430.7312)  [Time Left: 08:02:34] : L1=111.5852 : L2=465.8433 : L3=314.1521 In=[10, 3, 256, 256] Tar=[10, 69, 32, 32] Vis-PTS : 66 (67.3)Loss_SIC:96.5547 ,Loss_noseHM 29.1010, Loss_Loc 121.2642Loss_motion     nan
 -->>[Train]: [epoch-000-150][008/6260] Time 3.91 (4.60) Data 3.65 (3.98) Forward 3.75 (4.21) Loss 1213.7419 (1420.8680)  [Time Left: 07:59:08] : L1=126.1901 : L2=455.8458 : L3=256.8166 In=[10, 3, 256, 256] Tar=[10, 69, 32, 32] Vis-PTS : 67 (67.3)Loss_SIC:244.0081 ,Loss_noseHM 29.1661, Loss_Loc 101.7149Loss_motion     nan
 -->>[Train]: [epoch-000-150][008/6260] Time 3.88 (4.57) Data 3.63 (3.97) Forward 3.72 (4.19) Loss 1056.7473 (1405.0367)  [Time Left: 07:55:53] : L1=136.0037 : L2=452.2566 : L3=200.0469 In=[10, 3, 256, 256] Tar=[10, 69, 32, 32] Vis-PTS : 67 (67.3)Loss_SIC:141.2391 ,Loss_noseHM 29.1563, Loss_Loc 98.0447Loss_motion     nan
 -->>[Train]: [epoch-000-150][008/6260] Time 3.83 (4.54) Data 3.56 (3.95) Forward 3.66 (4.17) Loss 979.9792 (1387.3260)  [Time Left: 07:52:39] : L1=130.9687 : L2=443.0150 : L3=211.2853 In=[10, 3, 256, 256] Tar=[10, 69, 32, 32] Vis-PTS : 66 (67.3)Loss_SIC:67.7027 ,Loss_noseHM 29.2162, Loss_Loc 97.7913Loss_motion     nan
 -->>[Train]: [epoch-000-150][008/6260] Time 3.77 (4.51) Data 3.51 (3.93) Forward 3.61 (4.15) Loss 1289.2069 (1383.4012)  [Time Left: 07:49:27] : L1=122.7670 : L2=443.8852 : L3=246.2539 In=[10, 3, 256, 256] Tar=[10, 69, 32, 32] Vis-PTS : 67 (67.3)Loss_SIC:358.9035 ,Loss_noseHM 29.2023, Loss_Loc 88.1950Loss_motion     nan
 -->>[Train]: [epoch-000-150][008/6260] Time 3.76 (4.48) Data 3.48 (3.92) Forward 3.59 (4.13) Loss 995.0733 (1368.4655)  [Time Left: 07:46:28] : L1=103.0695 : L2=433.8828 : L3=170.6270 In=[10, 3, 256, 256] Tar=[10, 69, 32, 32] Vis-PTS : 68 (67.3)Loss_SIC:152.1586 ,Loss_noseHM 29.1902, Loss_Loc 106.1453Loss_motion     nan
 -->>[Train]: [epoch-000-150][008/6260] Time 3.76 (4.45) Data 3.50 (3.90) Forward 3.60 (4.11) Loss 1013.3808 (1355.3142)  [Time Left: 07:43:42] : L1=101.5602 : L2=430.3495 : L3=124.5311 In=[10, 3, 256, 256] Tar=[10, 69, 32, 32] Vis-PTS : 66 (67.3)Loss_SIC:220.9502 ,Loss_noseHM 29.1182, Loss_Loc 106.8715Loss_motion     nan
 -->>[Train]: [epoch-000-150][008/6260] Time 3.67 (4.42) Data 3.42 (3.88) Forward 3.51 (4.09) Loss 916.6062 (1339.6461)  [Time Left: 07:40:48] : L1=89.6596 : L2=401.5175 : L3=136.0298 In=[10, 3, 256, 256] Tar=[10, 69, 32, 32] Vis-PTS : 67 (67.3)Loss_SIC:157.2385 ,Loss_noseHM 29.1454, Loss_Loc 103.0153Loss_motion     nan
 -->>[Train]: [epoch-000-150][008/6260] Time 4.09 (4.41) Data 3.84 (3.88) Forward 3.93 (4.08) Loss 830.7083 (1322.0965)  [Time Left: 07:39:37] : L1=79.3100 : L2=379.0424 : L3=154.4863 In=[10, 3, 256, 256] Tar=[10, 69, 32, 32] Vis-PTS : 67 (67.3)Loss_SIC:85.8046 ,Loss_noseHM 29.1702, Loss_Loc 102.8947Loss_motion     nan
 -->>[Train]: [epoch-000-150][008/6260] Time 3.76 (4.39) Data 3.50 (3.87) Forward 3.60 (4.06) Loss 993.8326 (1311.1544)  [Time Left: 07:37:21] : L1=78.7363 : L2=341.0993 : L3=154.6338 In=[10, 3, 256, 256] Tar=[10, 69, 32, 32] Vis-PTS : 67 (67.3)Loss_SIC:288.5102 ,Loss_noseHM 29.1699, Loss_Loc 101.6831Loss_motion     nan
 -->>[Train]: [epoch-000-150][008/6260] Time 4.00 (4.38) Data 3.74 (3.86) Forward 3.84 (4.06) Loss 1016.5749 (1301.6518)  [Time Left: 07:36:02] : L1=111.1020 : L2=310.7827 : L3=173.9845 In=[10, 3, 256, 256] Tar=[10, 69, 32, 32] Vis-PTS : 67 (67.3)Loss_SIC:292.9987 ,Loss_noseHM 29.1577, Loss_Loc 98.5494Loss_motion     nan
 -->>[Train]: [epoch-000-150][008/6260] Time 4.04 (4.37) Data 3.77 (3.86) Forward 3.87 (4.05) Loss 850.4988 (1287.5533)  [Time Left: 07:34:55] : L1=95.1363 : L2=242.0486 : L3=142.2719 In=[10, 3, 256, 256] Tar=[10, 69, 32, 32] Vis-PTS : 68 (67.4)Loss_SIC:235.0973 ,Loss_noseHM 29.1493, Loss_Loc 106.7953Loss_motion     nan
 -->>[Train]: [epoch-000-150][008/6260] Time 4.09 (4.36) Data 3.83 (3.86) Forward 3.92 (4.05) Loss 1168.8223 (1283.9554)  [Time Left: 07:34:02] : L1=199.2401 : L2=252.3505 : L3=218.7986 In=[10, 3, 256, 256] Tar=[10, 69, 32, 32] Vis-PTS : 66 (67.3)Loss_SIC:366.3542 ,Loss_noseHM 29.1538, Loss_Loc 102.9250Loss_motion     nan
 -->>[Train]: [epoch-000-150][008/6260] Time 4.01 (4.35) Data 3.75 (3.86) Forward 3.85 (4.04) Loss 1002.7465 (1275.6845)  [Time Left: 07:32:58] : L1=127.8990 : L2=208.0412 : L3=161.1124 In=[10, 3, 256, 256] Tar=[10, 69, 32, 32] Vis-PTS : 67 (67.3)Loss_SIC:369.7293 ,Loss_noseHM 29.1699, Loss_Loc 106.7947Loss_motion     nan
 -->>[Train]: [epoch-000-150][008/6260] Time 3.90 (4.34) Data 3.65 (3.85) Forward 3.75 (4.03) Loss 533.7169 (1254.4854)  [Time Left: 07:31:38] : L1=76.5212 : L2=165.2922 : L3=138.2773 In=[10, 3, 256, 256] Tar=[10, 69, 32, 32] Vis-PTS : 67 (67.3)Loss_SIC:40.6176 ,Loss_noseHM 29.1290, Loss_Loc 83.8795Loss_motion     nan
 -->>[Train]: [epoch-000-150][008/6260] Time 3.92 (4.32) Data 3.67 (3.85) Forward 3.77 (4.02) Loss 656.8795 (1237.8853)  [Time Left: 07:30:27] : L1=113.2932 : L2=186.4140 : L3=184.3159 In=[10, 3, 256, 256] Tar=[10, 69, 32, 32] Vis-PTS : 66 (67.3)Loss_SIC:40.4891 ,Loss_noseHM 29.1781, Loss_Loc 103.1893Loss_motion     nan
 -->>[Train]: [epoch-000-150][008/6260] Time 3.85 (4.31) Data 3.58 (3.84) Forward 3.68 (4.02) Loss 668.9395 (1222.5084)  [Time Left: 07:29:06] : L1=122.8195 : L2=169.4269 : L3=181.7857 In=[10, 3, 256, 256] Tar=[10, 69, 32, 32] Vis-PTS : 68 (67.3)Loss_SIC:56.5081 ,Loss_noseHM 29.1397, Loss_Loc 109.2595Loss_motion     nan
 -->>[Train]: [epoch-000-150][008/6260] Time 3.98 (4.30) Data 3.70 (3.83) Forward 3.81 (4.01) Loss 929.1658 (1214.7888)  [Time Left: 07:28:12] : L1=115.3554 : L2=131.7217 : L3=148.1993 In=[10, 3, 256, 256] Tar=[10, 69, 32, 32] Vis-PTS : 67 (67.3)Loss_SIC:400.0906 ,Loss_noseHM 29.1599, Loss_Loc 104.6388Loss_motion     nan
 -->>[Train]: [epoch-000-150][008/6260] Time 3.90 (4.29) Data 3.65 (3.83) Forward 3.75 (4.00) Loss 762.6974 (1203.1967)  [Time Left: 07:27:08] : L1=163.8239 : L2=138.3663 : L3=166.4546 In=[10, 3, 256, 256] Tar=[10, 69, 32, 32] Vis-PTS : 67 (67.4)Loss_SIC:152.4955 ,Loss_noseHM 29.1493, Loss_Loc 112.4079Loss_motion     nan
 -->>[Train]: [epoch-000-150][008/6260] Time 3.73 (4.28) Data 3.48 (3.82) Forward 3.57 (3.99) Loss 836.2717 (1194.0236)  [Time Left: 07:25:41] : L1=112.0675 : L2=159.0015 : L3=114.0886 In=[10, 3, 256, 256] Tar=[10, 69, 32, 32] Vis-PTS : 66 (67.3)Loss_SIC:311.2264 ,Loss_noseHM 29.1401, Loss_Loc 110.7474Loss_motion     nan
 -->>[Train]: [epoch-000-150][008/6260] Time 4.07 (4.27) Data 3.81 (3.82) Forward 3.91 (3.99) Loss 865.7446 (1186.0168)  [Time Left: 07:25:09] : L1=114.3792 : L2=151.7440 : L3=127.8688 In=[10, 3, 256, 256] Tar=[10, 69, 32, 32] Vis-PTS : 65 (67.3)Loss_SIC:334.9229 ,Loss_noseHM 29.2272, Loss_Loc 107.6025Loss_motion     nan
 -->>[Train]: [epoch-000-150][008/6260] Time 3.77 (4.26) Data 3.52 (3.81) Forward 3.62 (3.98) Loss 645.6990 (1173.1521)  [Time Left: 07:23:55] : L1=88.4636 : L2=148.4208 : L3=164.9822 In=[10, 3, 256, 256] Tar=[10, 69, 32, 32] Vis-PTS : 67 (67.3)Loss_SIC:102.7436 ,Loss_noseHM 29.1284, Loss_Loc 111.9604Loss_motion     nan
 -->>[Train]: [epoch-000-150][008/6260] Time 4.35 (4.26) Data 4.09 (3.82) Forward 4.19 (3.99) Loss 729.9802 (1162.8458)  [Time Left: 07:24:07] : L1=86.8910 : L2=114.6905 : L3=111.4768 In=[10, 3, 256, 256] Tar=[10, 69, 32, 32] Vis-PTS : 67 (67.3)Loss_SIC:293.2041 ,Loss_noseHM 29.1101, Loss_Loc 94.6076Loss_motion     nan
 -->>[Train]: [epoch-000-150][008/6260] Time 3.97 (4.26) Data 3.71 (3.82) Forward 3.81 (3.98) Loss 580.2208 (1149.6043)  [Time Left: 07:23:26] : L1=78.3023 : L2=122.6124 : L3=104.2935 In=[10, 3, 256, 256] Tar=[10, 69, 32, 32] Vis-PTS : 67 (67.3)Loss_SIC:132.1672 ,Loss_noseHM 29.1958, Loss_Loc 113.6496Loss_motion     nan
 -->>[Train]: [epoch-000-150][008/6260] Time 3.79 (4.25) Data 3.52 (3.81) Forward 3.62 (3.97) Loss 534.1639 (1135.9278)  [Time Left: 07:22:21] : L1=69.0651 : L2=134.0781 : L3=115.5463 In=[10, 3, 256, 256] Tar=[10, 69, 32, 32] Vis-PTS : 67 (67.3)Loss_SIC:81.7196 ,Loss_noseHM 29.1726, Loss_Loc 104.5823Loss_motion     nan
 -->>[Train]: [epoch-000-150][008/6260] Time 3.93 (4.24) Data 3.66 (3.81) Forward 3.76 (3.97) Loss 610.1251 (1124.4974)  [Time Left: 07:21:37] : L1=70.5644 : L2=132.8993 : L3=115.0402 In=[10, 3, 256, 256] Tar=[10, 69, 32, 32] Vis-PTS : 68 (67.3)Loss_SIC:159.1105 ,Loss_noseHM 29.1205, Loss_Loc 103.3901Loss_motion     nan
 -->>[Train]: [epoch-000-150][008/6260] Time 3.91 (4.23) Data 3.65 (3.80) Forward 3.75 (3.97) Loss 684.0283 (1115.1257)  [Time Left: 07:20:53] : L1=76.7134 : L2=130.7588 : L3=111.9806 In=[10, 3, 256, 256] Tar=[10, 69, 32, 32] Vis-PTS : 67 (67.3)Loss_SIC:239.9684 ,Loss_noseHM 29.2475, Loss_Loc 95.3596Loss_motion     nan
 -->>[Train]: [epoch-000-150][008/6260] Time 3.95 (4.23) Data 3.69 (3.80) Forward 3.79 (3.96) Loss 554.5484 (1103.4470)  [Time Left: 07:20:16] : L1=101.8449 : L2=122.0776 : L3=98.9243 In=[10, 3, 256, 256] Tar=[10, 69, 32, 32] Vis-PTS : 67 (67.3)Loss_SIC:100.1613 ,Loss_noseHM 29.1975, Loss_Loc 102.3428Loss_motion     nan
 -->>[Train]: [epoch-000-150][008/6260] Time 4.09 (4.22) Data 3.83 (3.80) Forward 3.93 (3.96) Loss 637.2173 (1093.9321)  [Time Left: 07:19:59] : L1=98.6516 : L2=119.3860 : L3=97.0646 In=[10, 3, 256, 256] Tar=[10, 69, 32, 32] Vis-PTS : 68 (67.4)Loss_SIC:199.4303 ,Loss_noseHM 29.1100, Loss_Loc 93.5748Loss_motion     nan
 -->>[Train]: [epoch-000-150][008/6260] Time 4.02 (4.22) Data 3.75 (3.80) Forward 3.86 (3.96) Loss 618.2188 (1084.4178)  [Time Left: 07:19:34] : L1=81.6921 : L2=119.2066 : L3=102.7617 In=[10, 3, 256, 256] Tar=[10, 69, 32, 32] Vis-PTS : 67 (67.4)Loss_SIC:200.8220 ,Loss_noseHM 29.2304, Loss_Loc 84.5059Loss_motion     nan
 -->>[Train]: [epoch-000-150][008/6260] Time 3.86 (4.21) Data 3.60 (3.80) Forward 3.70 (3.95) Loss 626.2316 (1075.4338)  [Time Left: 07:18:51] : L1=70.5870 : L2=113.0355 : L3=99.6369 In=[10, 3, 256, 256] Tar=[10, 69, 32, 32] Vis-PTS : 67 (67.4)Loss_SIC:214.8086 ,Loss_noseHM 29.1005, Loss_Loc 99.0632Loss_motion     nan
 -->>[Train]: [epoch-000-150][008/6260] Time 4.03 (4.21) Data 3.77 (3.80) Forward 3.87 (3.95) Loss 602.8355 (1066.3453)  [Time Left: 07:18:28] : L1=66.9658 : L2=105.8320 : L3=94.3937 In=[10, 3, 256, 256] Tar=[10, 69, 32, 32] Vis-PTS : 68 (67.4)Loss_SIC:205.5612 ,Loss_noseHM 29.1514, Loss_Loc 100.9315Loss_motion     nan
 -->>[Train]: [epoch-000-150][008/6260] Time 3.91 (4.20) Data 3.65 (3.79) Forward 3.75 (3.95) Loss 530.7742 (1056.2402)  [Time Left: 07:17:52] : L1=74.1553 : L2=104.3482 : L3=93.6562 In=[10, 3, 256, 256] Tar=[10, 69, 32, 32] Vis-PTS : 67 (67.4)Loss_SIC:120.2724 ,Loss_noseHM 29.1792, Loss_Loc 109.1630Loss_motion     nan
 -->>[Train]: [epoch-000-150][008/6260] Time 3.70 (4.19) Data 3.45 (3.79) Forward 3.55 (3.94) Loss 546.7998 (1046.8061)  [Time Left: 07:16:54] : L1=75.7333 : L2=103.7804 : L3=92.9011 In=[10, 3, 256, 256] Tar=[10, 69, 32, 32] Vis-PTS : 67 (67.4)Loss_SIC:128.1269 ,Loss_noseHM 29.2068, Loss_Loc 117.0513Loss_motion     nan
 -->>[Train]: [epoch-000-150][008/6260] Time 3.99 (4.19) Data 3.72 (3.79) Forward 3.82 (3.94) Loss 604.0831 (1038.7566)  [Time Left: 07:16:31] : L1=80.9721 : L2=101.2719 : L3=92.9760 In=[10, 3, 256, 256] Tar=[10, 69, 32, 32] Vis-PTS : 67 (67.4)Loss_SIC:197.9285 ,Loss_noseHM 29.1490, Loss_Loc 101.7855Loss_motion     nan
 -->>[Train]: [epoch-000-150][008/6260] Time 4.16 (4.19) Data 3.90 (3.79) Forward 4.00 (3.94) Loss 469.1722 (1028.5855)  [Time Left: 07:16:28] : L1=76.0851 : L2=99.0177 : L3=90.3210 In=[10, 3, 256, 256] Tar=[10, 69, 32, 32] Vis-PTS : 67 (67.4)Loss_SIC:72.5925 ,Loss_noseHM 29.1518, Loss_Loc 102.0041Loss_motion     nan
 -->>[Train]: [epoch-000-150][008/6260] Time 3.83 (4.18) Data 3.58 (3.79) Forward 3.67 (3.94) Loss 477.7719 (1018.9221)  [Time Left: 07:15:49] : L1=81.2348 : L2=99.4264 : L3=91.1785 In=[10, 3, 256, 256] Tar=[10, 69, 32, 32] Vis-PTS : 67 (67.4)Loss_SIC:72.9635 ,Loss_noseHM 29.1878, Loss_Loc 103.7808Loss_motion     nan
 -->>[Train]: [epoch-000-150][008/6260] Time 3.91 (4.18) Data 3.65 (3.78) Forward 3.75 (3.93) Loss 588.7993 (1011.5062)  [Time Left: 07:15:19] : L1=82.6913 : L2=101.5239 : L3=95.4323 In=[10, 3, 256, 256] Tar=[10, 69, 32, 32] Vis-PTS : 66 (67.4)Loss_SIC:166.3110 ,Loss_noseHM 29.1715, Loss_Loc 113.6693Loss_motion     nan
 -->>[Train]: [epoch-000-150][008/6260] Time 3.97 (4.17) Data 3.71 (3.78) Forward 3.81 (3.93) Loss 543.0747 (1003.5667)  [Time Left: 07:14:57] : L1=65.9802 : L2=101.6828 : L3=95.9037 In=[10, 3, 256, 256] Tar=[10, 69, 32, 32] Vis-PTS : 67 (67.4)Loss_SIC:138.0762 ,Loss_noseHM 29.1717, Loss_Loc 112.2600Loss_motion     nan
 -->>[Train]: [epoch-000-150][008/6260] Time 3.81 (4.17) Data 3.55 (3.78) Forward 3.65 (3.93) Loss 445.9500 (994.2731)  [Time Left: 07:14:19] : L1=65.2783 : L2=93.8951 : L3=86.9675 In=[10, 3, 256, 256] Tar=[10, 69, 32, 32] Vis-PTS : 67 (67.4)Loss_SIC:63.6293 ,Loss_noseHM 29.1738, Loss_Loc 107.0060Loss_motion     nan
 -->>[Train]: [epoch-000-150][008/6260] Time 4.04 (4.17) Data 3.78 (3.78) Forward 3.88 (3.92) Loss 520.5575 (986.5072)  [Time Left: 07:14:06] : L1=71.5412 : L2=96.5053 : L3=88.5917 In=[10, 3, 256, 256] Tar=[10, 69, 32, 32] Vis-PTS : 67 (67.4)Loss_SIC:140.4544 ,Loss_noseHM 29.1996, Loss_Loc 94.2653Loss_motion     nan
 -->>[Train]: [epoch-000-150][008/6260] Time 3.88 (4.16) Data 3.60 (3.77) Forward 3.70 (3.92) Loss 433.3204 (977.5849)  [Time Left: 07:13:37] : L1=70.4559 : L2=92.3131 : L3=87.5888 In=[10, 3, 256, 256] Tar=[10, 69, 32, 32] Vis-PTS : 68 (67.4)Loss_SIC:49.5596 ,Loss_noseHM 29.1034, Loss_Loc 104.2995Loss_motion     nan
 -->>[Train]: [epoch-000-150][008/6260] Time 3.84 (4.16) Data 3.59 (3.77) Forward 3.68 (3.92) Loss 530.4922 (970.4881)  [Time Left: 07:13:05] : L1=69.9188 : L2=93.5749 : L3=88.5137 In=[10, 3, 256, 256] Tar=[10, 69, 32, 32] Vis-PTS : 67 (67.4)Loss_SIC:151.6061 ,Loss_noseHM 29.1592, Loss_Loc 97.7194Loss_motion     nan
 -->>[Train]: [epoch-000-150][008/6260] Time 3.71 (4.15) Data 3.45 (3.77) Forward 3.55 (3.91) Loss 470.4948 (962.6757)  [Time Left: 07:12:21] : L1=63.3532 : L2=103.3969 : L3=95.6671 In=[10, 3, 256, 256] Tar=[10, 69, 32, 32] Vis-PTS : 67 (67.4)Loss_SIC:71.6238 ,Loss_noseHM 29.1166, Loss_Loc 107.3370Loss_motion     nan
 -->>[Train]: [epoch-000-150][008/6260] Time 4.17 (4.15) Data 3.91 (3.77) Forward 4.01 (3.91) Loss 493.5903 (955.4591)  [Time Left: 07:12:23] : L1=66.8433 : L2=92.7489 : L3=85.7836 In=[10, 3, 256, 256] Tar=[10, 69, 32, 32] Vis-PTS : 68 (67.4)Loss_SIC:123.7513 ,Loss_noseHM 29.1797, Loss_Loc 95.2835Loss_motion     nan
 -->>[Train]: [epoch-000-150][008/6260] Time 4.08 (4.15) Data 3.81 (3.77) Forward 3.91 (3.91) Loss 533.8903 (949.0716)  [Time Left: 07:12:17] : L1=66.1457 : L2=95.4192 : L3=87.8079 In=[10, 3, 256, 256] Tar=[10, 69, 32, 32] Vis-PTS : 67 (67.4)Loss_SIC:158.8850 ,Loss_noseHM 29.1809, Loss_Loc 96.4516Loss_motion     nan
 -->>[Train]: [epoch-000-150][008/6260] Time 3.91 (4.15) Data 3.65 (3.77) Forward 3.75 (3.91) Loss 509.0947 (942.5048)  [Time Left: 07:11:54] : L1=68.9289 : L2=99.8664 : L3=91.6626 In=[10, 3, 256, 256] Tar=[10, 69, 32, 32] Vis-PTS : 67 (67.4)Loss_SIC:113.3862 ,Loss_noseHM 29.1729, Loss_Loc 106.0777Loss_motion     nan
 -->>[Train]: [epoch-000-150][008/6260] Time 4.13 (4.15) Data 3.87 (3.77) Forward 3.96 (3.91) Loss 733.1747 (939.4264)  [Time Left: 07:11:52] : L1=67.2507 : L2=94.4247 : L3=87.7479 In=[10, 3, 256, 256] Tar=[10, 69, 32, 32] Vis-PTS : 67 (67.4)Loss_SIC:349.7579 ,Loss_noseHM 29.1498, Loss_Loc 104.8437Loss_motion     nan
 -->>[Train]: [epoch-000-150][008/6260] Time 3.80 (4.14) Data 3.54 (3.77) Forward 3.63 (3.91) Loss 575.9677 (934.1589)  [Time Left: 07:11:21] : L1=64.7959 : L2=88.5568 : L3=82.6685 In=[10, 3, 256, 256] Tar=[10, 69, 32, 32] Vis-PTS : 67 (67.4)Loss_SIC:222.3132 ,Loss_noseHM 29.1072, Loss_Loc 88.5261Loss_motion     nan
 -->>[Train]: [epoch-000-150][008/6260] Time 3.95 (4.14) Data 3.69 (3.77) Forward 3.79 (3.91) Loss 661.1257 (930.2584)  [Time Left: 07:11:04] : L1=62.3666 : L2=86.2658 : L3=82.4640 In=[10, 3, 256, 256] Tar=[10, 69, 32, 32] Vis-PTS : 68 (67.4)Loss_SIC:305.3529 ,Loss_noseHM 29.1641, Loss_Loc 95.5123Loss_motion     nan
 -->>[Train]: [epoch-000-150][008/6260] Time 4.12 (4.14) Data 3.86 (3.77) Forward 3.96 (3.91) Loss 673.5348 (926.6426)  [Time Left: 07:11:02] : L1=63.2096 : L2=85.8861 : L3=81.5822 In=[10, 3, 256, 256] Tar=[10, 69, 32, 32] Vis-PTS : 67 (67.4)Loss_SIC:314.8210 ,Loss_noseHM 29.1717, Loss_Loc 98.8643Loss_motion     nan
 -->>[Train]: [epoch-000-150][008/6260] Time 3.86 (4.13) Data 3.60 (3.76) Forward 3.70 (3.90) Loss 571.5178 (921.7103)  [Time Left: 07:10:38] : L1=65.6881 : L2=89.9733 : L3=88.1538 In=[10, 3, 256, 256] Tar=[10, 69, 32, 32] Vis-PTS : 67 (67.5)Loss_SIC:197.1000 ,Loss_noseHM 29.1464, Loss_Loc 101.4562Loss_motion     nan
 -->>[Train]: [epoch-000-150][008/6260] Time 4.01 (4.13) Data 3.75 (3.76) Forward 3.85 (3.90) Loss 545.6627 (916.5590)  [Time Left: 07:10:28] : L1=62.7435 : L2=84.4458 : L3=81.8460 In=[10, 3, 256, 256] Tar=[10, 69, 32, 32] Vis-PTS : 67 (67.5)Loss_SIC:178.1722 ,Loss_noseHM 29.1947, Loss_Loc 109.2605Loss_motion     nan
 -->>[Train]: [epoch-000-150][008/6260] Time 3.85 (4.13) Data 3.57 (3.76) Forward 3.68 (3.90) Loss 454.1420 (910.3101)  [Time Left: 07:10:04] : L1=65.8189 : L2=85.8225 : L3=84.4617 In=[10, 3, 256, 256] Tar=[10, 69, 32, 32] Vis-PTS : 67 (67.5)Loss_SIC:75.0181 ,Loss_noseHM 29.2008, Loss_Loc 113.8199Loss_motion     nan
 -->>[Train]: [epoch-000-150][008/6260] Time 3.72 (4.12) Data 3.46 (3.76) Forward 3.56 (3.90) Loss 466.1498 (904.3880)  [Time Left: 07:09:30] : L1=62.3843 : L2=87.6139 : L3=84.0028 In=[10, 3, 256, 256] Tar=[10, 69, 32, 32] Vis-PTS : 67 (67.5)Loss_SIC:98.9688 ,Loss_noseHM 29.1946, Loss_Loc 103.9854Loss_motion     nan
 -->>[Train]: [epoch-000-150][008/6260] Time 3.95 (4.12) Data 3.69 (3.76) Forward 3.79 (3.89) Loss 591.0732 (900.2654)  [Time Left: 07:09:16] : L1=69.4701 : L2=109.0876 : L3=100.3810 In=[10, 3, 256, 256] Tar=[10, 69, 32, 32] Vis-PTS : 65 (67.4)Loss_SIC:197.2284 ,Loss_noseHM 29.1925, Loss_Loc 85.7135Loss_motion     nan
 -->>[Train]: [epoch-000-150][008/6260] Time 3.84 (4.12) Data 3.58 (3.75) Forward 3.68 (3.89) Loss 543.8635 (895.6368)  [Time Left: 07:08:53] : L1=65.7482 : L2=88.6487 : L3=85.8970 In=[10, 3, 256, 256] Tar=[10, 69, 32, 32] Vis-PTS : 67 (67.4)Loss_SIC:179.8864 ,Loss_noseHM 29.1992, Loss_Loc 94.4840Loss_motion     nan
 -->>[Train]: [epoch-000-150][008/6260] Time 4.25 (4.12) Data 4.00 (3.76) Forward 4.09 (3.89) Loss 649.4795 (892.4810)  [Time Left: 07:09:04] : L1=59.4722 : L2=83.6556 : L3=82.1889 In=[10, 3, 256, 256] Tar=[10, 69, 32, 32] Vis-PTS : 67 (67.5)Loss_SIC:293.5242 ,Loss_noseHM 29.1785, Loss_Loc 101.4601Loss_motion     nan
 -->>[Train]: [epoch-000-150][008/6260] Time 3.69 (4.11) Data 3.44 (3.75) Forward 3.53 (3.89) Loss 485.9436 (887.3349)  [Time Left: 07:08:30] : L1=62.4165 : L2=88.2235 : L3=85.8128 In=[10, 3, 256, 256] Tar=[10, 69, 32, 32] Vis-PTS : 68 (67.5)Loss_SIC:118.5130 ,Loss_noseHM 29.1845, Loss_Loc 101.7934Loss_motion     nan
 -->>[Train]: [epoch-000-150][008/6260] Time 4.17 (4.11) Data 3.92 (3.76) Forward 4.01 (3.89) Loss 431.3276 (881.6348)  [Time Left: 07:08:35] : L1=59.5459 : L2=79.6095 : L3=77.9675 In=[10, 3, 256, 256] Tar=[10, 69, 32, 32] Vis-PTS : 66 (67.5)Loss_SIC:69.2962 ,Loss_noseHM 29.1720, Loss_Loc 115.7364Loss_motion     nan
 -->>[Train]: [epoch-000-150][008/6260] Time 3.90 (4.11) Data 3.64 (3.75) Forward 3.74 (3.89) Loss 566.2910 (877.7417)  [Time Left: 07:08:18] : L1=62.8822 : L2=80.8139 : L3=78.1430 In=[10, 3, 256, 256] Tar=[10, 69, 32, 32] Vis-PTS : 67 (67.5)Loss_SIC:219.1966 ,Loss_noseHM 29.1506, Loss_Loc 96.1048Loss_motion     nan
 -->>[Train]: [epoch-000-150][008/6260] Time 3.86 (4.11) Data 3.59 (3.75) Forward 3.69 (3.89) Loss 447.1537 (872.4906)  [Time Left: 07:07:59] : L1=63.1886 : L2=85.9691 : L3=80.4671 In=[10, 3, 256, 256] Tar=[10, 69, 32, 32] Vis-PTS : 66 (67.4)Loss_SIC:81.5437 ,Loss_noseHM 29.1039, Loss_Loc 106.8812Loss_motion     nan
 -->>[Train]: [epoch-000-150][008/6260] Time 3.93 (4.11) Data 3.68 (3.75) Forward 3.77 (3.88) Loss 432.9436 (867.1949)  [Time Left: 07:07:45] : L1=69.9273 : L2=86.2568 : L3=98.0487 In=[10, 3, 256, 256] Tar=[10, 69, 32, 32] Vis-PTS : 66 (67.4)Loss_SIC:49.4586 ,Loss_noseHM 29.1602, Loss_Loc 100.0919Loss_motion     nan
 -->>[Train]: [epoch-000-150][008/6260] Time 3.87 (4.10) Data 3.61 (3.75) Forward 3.71 (3.88) Loss 516.1491 (863.0158)  [Time Left: 07:07:28] : L1=60.7339 : L2=73.2900 : L3=74.8571 In=[10, 3, 256, 256] Tar=[10, 69, 32, 32] Vis-PTS : 67 (67.4)Loss_SIC:173.5336 ,Loss_noseHM 29.1862, Loss_Loc 104.5484Loss_motion     nan
 -->>[Train]: [epoch-000-150][008/6260] Time 4.07 (4.10) Data 3.82 (3.75) Forward 3.91 (3.88) Loss 462.5996 (858.3050)  [Time Left: 07:07:25] : L1=62.8066 : L2=77.6451 : L3=85.0929 In=[10, 3, 256, 256] Tar=[10, 69, 32, 32] Vis-PTS : 66 (67.4)Loss_SIC:85.6592 ,Loss_noseHM 29.1400, Loss_Loc 122.2557Loss_motion     nan
 -->>[Train]: [epoch-000-150][008/6260] Time 3.78 (4.10) Data 3.50 (3.75) Forward 3.61 (3.88) Loss 669.7588 (856.1126)  [Time Left: 07:07:02] : L1=62.0490 : L2=78.2297 : L3=90.0022 In=[10, 3, 256, 256] Tar=[10, 69, 32, 32] Vis-PTS : 67 (67.4)Loss_SIC:304.6017 ,Loss_noseHM 29.1658, Loss_Loc 105.7103Loss_motion     nan
 -->>[Train]: [epoch-000-150][008/6260] Time 3.81 (4.10) Data 3.56 (3.75) Forward 3.65 (3.88) Loss 730.9396 (854.6738)  [Time Left: 07:06:42] : L1=61.2507 : L2=74.4298 : L3=80.6351 In=[10, 3, 256, 256] Tar=[10, 69, 32, 32] Vis-PTS : 66 (67.4)Loss_SIC:379.9391 ,Loss_noseHM 29.1384, Loss_Loc 105.5464Loss_motion     nan
 -->>[Train]: [epoch-000-150][008/6260] Time 3.90 (4.09) Data 3.64 (3.74) Forward 3.74 (3.88) Loss 442.9274 (849.9949)  [Time Left: 07:06:28] : L1=59.9623 : L2=73.4965 : L3=73.2765 In=[10, 3, 256, 256] Tar=[10, 69, 32, 32] Vis-PTS : 66 (67.4)Loss_SIC:102.1898 ,Loss_noseHM 29.1413, Loss_Loc 104.8610Loss_motion     nan
 -->>[Train]: [epoch-000-150][008/6260] Time 3.73 (4.09) Data 3.47 (3.74) Forward 3.57 (3.87) Loss 613.0203 (847.3322)  [Time Left: 07:06:03] : L1=62.3272 : L2=69.4005 : L3=90.7682 In=[10, 3, 256, 256] Tar=[10, 69, 32, 32] Vis-PTS : 66 (67.4)Loss_SIC:264.8426 ,Loss_noseHM 29.1741, Loss_Loc 96.5077Loss_motion     nan
 -->>[Train]: [epoch-000-150][008/6260] Time 3.90 (4.09) Data 3.63 (3.74) Forward 3.73 (3.87) Loss 473.5652 (843.1793)  [Time Left: 07:05:50] : L1=65.3414 : L2=73.6893 : L3=81.7171 In=[10, 3, 256, 256] Tar=[10, 69, 32, 32] Vis-PTS : 68 (67.4)Loss_SIC:125.6011 ,Loss_noseHM 29.1435, Loss_Loc 98.0727Loss_motion     nan
 -->>[Train]: [epoch-000-150][008/6260] Time 3.70 (4.08) Data 3.44 (3.74) Forward 3.53 (3.87) Loss 438.1669 (838.7286)  [Time Left: 07:05:23] : L1=59.7671 : L2=66.7012 : L3=73.9509 In=[10, 3, 256, 256] Tar=[10, 69, 32, 32] Vis-PTS : 68 (67.4)Loss_SIC:110.4251 ,Loss_noseHM 29.1436, Loss_Loc 98.1791Loss_motion     nan
 -->>[Train]: [epoch-000-150][008/6260] Time 3.93 (4.08) Data 3.67 (3.74) Forward 3.77 (3.87) Loss 808.4587 (838.3996)  [Time Left: 07:05:13] : L1=66.1421 : L2=73.2153 : L3=89.4588 In=[10, 3, 256, 256] Tar=[10, 69, 32, 32] Vis-PTS : 67 (67.4)Loss_SIC:459.2403 ,Loss_noseHM 29.1682, Loss_Loc 91.2341Loss_motion     nan
 -->>[Train]: [epoch-000-150][008/6260] Time 4.02 (4.08) Data 3.76 (3.74) Forward 3.85 (3.87) Loss 531.9467 (835.1044)  [Time Left: 07:05:08] : L1=62.7188 : L2=66.7526 : L3=74.6082 In=[10, 3, 256, 256] Tar=[10, 69, 32, 32] Vis-PTS : 67 (67.4)Loss_SIC:196.9161 ,Loss_noseHM 29.2034, Loss_Loc 101.7475Loss_motion     nan
 -->>[Train]: [epoch-000-150][008/6260] Time 3.97 (4.08) Data 3.71 (3.74) Forward 3.81 (3.87) Loss 536.4552 (831.9273)  [Time Left: 07:05:01] : L1=62.4060 : L2=66.4149 : L3=70.7025 In=[10, 3, 256, 256] Tar=[10, 69, 32, 32] Vis-PTS : 67 (67.4)Loss_SIC:195.6851 ,Loss_noseHM 29.1940, Loss_Loc 112.0527Loss_motion     nan
 -->>[Train]: [epoch-000-150][008/6260] Time 3.91 (4.08) Data 3.64 (3.73) Forward 3.74 (3.86) Loss 633.4869 (829.8384)  [Time Left: 07:04:50] : L1=68.3886 : L2=70.9026 : L3=75.7581 In=[10, 3, 256, 256] Tar=[10, 69, 32, 32] Vis-PTS : 67 (67.4)Loss_SIC:283.7739 ,Loss_noseHM 29.2009, Loss_Loc 105.4630Loss_motion     nan
 -->>[Train]: [epoch-000-150][008/6260] Time 3.94 (4.08) Data 3.67 (3.73) Forward 3.78 (3.86) Loss 610.5222 (827.5539)  [Time Left: 07:04:41] : L1=64.2815 : L2=80.4590 : L3=97.4427 In=[10, 3, 256, 256] Tar=[10, 69, 32, 32] Vis-PTS : 66 (67.4)Loss_SIC:258.2950 ,Loss_noseHM 29.2246, Loss_Loc 80.8194Loss_motion     nan
 -->>[Train]: [epoch-000-150][008/6260] Time 3.98 (4.08) Data 3.72 (3.73) Forward 3.82 (3.86) Loss 749.1307 (826.7454)  [Time Left: 07:04:35] : L1=62.8897 : L2=73.7608 : L3=70.0474 In=[10, 3, 256, 256] Tar=[10, 69, 32, 32] Vis-PTS : 66 (67.4)Loss_SIC:410.2686 ,Loss_noseHM 29.0946, Loss_Loc 103.0696Loss_motion     nan
 -->>[Train]: [epoch-000-150][008/6260] Time 3.72 (4.07) Data 3.44 (3.73) Forward 3.55 (3.86) Loss 379.0007 (822.1766)  [Time Left: 07:04:12] : L1=59.4488 : L2=60.8353 : L3=67.8391 In=[10, 3, 256, 256] Tar=[10, 69, 32, 32] Vis-PTS : 67 (67.4)Loss_SIC:49.9478 ,Loss_noseHM 29.1743, Loss_Loc 111.7553Loss_motion     nan
 -->>[Train]: [epoch-000-150][008/6260] Time 3.80 (4.07) Data 3.54 (3.73) Forward 3.64 (3.86) Loss 538.5240 (819.3114)  [Time Left: 07:03:55] : L1=59.3490 : L2=74.3432 : L3=77.8571 In=[10, 3, 256, 256] Tar=[10, 69, 32, 32] Vis-PTS : 66 (67.4)Loss_SIC:198.0851 ,Loss_noseHM 29.1422, Loss_Loc 99.7474Loss_motion     nan
 -->>[Train]: [epoch-000-150][008/6260] Time 3.81 (4.07) Data 3.55 (3.73) Forward 3.65 (3.86) Loss 541.5626 (816.5339)  [Time Left: 07:03:39] : L1=60.7300 : L2=84.5360 : L3=82.2665 In=[10, 3, 256, 256] Tar=[10, 69, 32, 32] Vis-PTS : 67 (67.4)Loss_SIC:185.3131 ,Loss_noseHM 29.1849, Loss_Loc 99.5320Loss_motion     nan
 -->>[Train]: [epoch-000-150][008/6260] Time 4.01 (4.07) Data 3.75 (3.73) Forward 3.85 (3.86) Loss 505.9265 (813.4586)  [Time Left: 07:03:36] : L1=64.9844 : L2=82.0652 : L3=79.4061 In=[10, 3, 256, 256] Tar=[10, 69, 32, 32] Vis-PTS : 67 (67.4)Loss_SIC:144.3088 ,Loss_noseHM 29.1693, Loss_Loc 105.9929Loss_motion     nan
 -->>[Train]: [epoch-000-150][008/6260] Time 3.75 (4.06) Data 3.49 (3.73) Forward 3.59 (3.85) Loss 405.8564 (809.4625)  [Time Left: 07:03:17] : L1=64.5233 : L2=67.4278 : L3=69.4917 In=[10, 3, 256, 256] Tar=[10, 69, 32, 32] Vis-PTS : 67 (67.4)Loss_SIC:67.5833 ,Loss_noseHM 29.1546, Loss_Loc 107.6756Loss_motion     nan
 -->>[Train]: [epoch-000-150][008/6260] Time 3.70 (4.06) Data 3.44 (3.72) Forward 3.54 (3.85) Loss 490.5226 (806.3660)  [Time Left: 07:02:55] : L1=61.4976 : L2=75.3833 : L3=85.4135 In=[10, 3, 256, 256] Tar=[10, 69, 32, 32] Vis-PTS : 67 (67.4)Loss_SIC:138.8469 ,Loss_noseHM 29.2271, Loss_Loc 100.1540Loss_motion     nan
 -->>[Train]: [epoch-000-150][008/6260] Time 3.84 (4.06) Data 3.58 (3.72) Forward 3.68 (3.85) Loss 538.9915 (803.7951)  [Time Left: 07:02:41] : L1=64.5411 : L2=103.2685 : L3=77.3855 In=[10, 3, 256, 256] Tar=[10, 69, 32, 32] Vis-PTS : 68 (67.4)Loss_SIC:161.4780 ,Loss_noseHM 29.1870, Loss_Loc 103.1313Loss_motion     nan
 -->>[Train]: [epoch-000-150][008/6260] Time 3.86 (4.06) Data 3.60 (3.72) Forward 3.70 (3.85) Loss 433.9586 (800.2728)  [Time Left: 07:02:30] : L1=58.7678 : L2=66.1584 : L3=67.1278 In=[10, 3, 256, 256] Tar=[10, 69, 32, 32] Vis-PTS : 67 (67.4)Loss_SIC:112.2181 ,Loss_noseHM 29.1485, Loss_Loc 100.5379Loss_motion     nan
 -->>[Train]: [epoch-000-150][008/6260] Time 3.86 (4.05) Data 3.59 (3.72) Forward 3.69 (3.85) Loss 514.0917 (797.5730)  [Time Left: 07:02:18] : L1=59.2351 : L2=61.8237 : L3=65.0424 In=[10, 3, 256, 256] Tar=[10, 69, 32, 32] Vis-PTS : 67 (67.4)Loss_SIC:185.8691 ,Loss_noseHM 29.1685, Loss_Loc 112.9528Loss_motion     nan
 -->>[Train]: [epoch-000-150][008/6260] Time 4.02 (4.05) Data 3.76 (3.72) Forward 3.86 (3.85) Loss 512.2704 (794.9066)  [Time Left: 07:02:16] : L1=62.2048 : L2=77.9066 : L3=70.1518 In=[10, 3, 256, 256] Tar=[10, 69, 32, 32] Vis-PTS : 67 (67.4)Loss_SIC:163.5884 ,Loss_noseHM 29.1786, Loss_Loc 109.2403Loss_motion     nan
 -->>[Train]: [epoch-000-150][008/6260] Time 4.09 (4.05) Data 3.83 (3.72) Forward 3.93 (3.85) Loss 429.2053 (791.5205)  [Time Left: 07:02:19] : L1=57.8665 : L2=74.4280 : L3=67.3139 In=[10, 3, 256, 256] Tar=[10, 69, 32, 32] Vis-PTS : 68 (67.4)Loss_SIC:93.5599 ,Loss_noseHM 29.1490, Loss_Loc 106.8881Loss_motion     nan
 -->>[Train]: [epoch-000-150][008/6260] Time 3.81 (4.05) Data 3.56 (3.72) Forward 3.65 (3.84) Loss 362.5127 (787.5846)  [Time Left: 07:02:05] : L1=58.9674 : L2=68.0334 : L3=67.7222 In=[10, 3, 256, 256] Tar=[10, 69, 32, 32] Vis-PTS : 67 (67.4)Loss_SIC:27.3510 ,Loss_noseHM 29.1350, Loss_Loc 111.3036Loss_motion     nan
 -->>[Train]: [epoch-000-150][008/6260] Time 3.90 (4.05) Data 3.63 (3.72) Forward 3.74 (3.84) Loss 389.2481 (783.9634)  [Time Left: 07:01:56] : L1=58.9277 : L2=61.5021 : L3=66.8189 In=[10, 3, 256, 256] Tar=[10, 69, 32, 32] Vis-PTS : 67 (67.4)Loss_SIC:66.2944 ,Loss_noseHM 29.1558, Loss_Loc 106.5493Loss_motion     nan
 -->>[Train]: [epoch-000-150][008/6260] Time 3.79 (4.05) Data 3.53 (3.72) Forward 3.63 (3.84) Loss 422.0322 (780.7027)  [Time Left: 07:01:42] : L1=62.7394 : L2=68.6858 : L3=69.0451 In=[10, 3, 256, 256] Tar=[10, 69, 32, 32] Vis-PTS : 67 (67.4)Loss_SIC:85.9449 ,Loss_noseHM 29.1807, Loss_Loc 106.4362Loss_motion     nan
 -->>[Train]: [epoch-000-150][008/6260] Time 3.62 (4.04) Data 3.37 (3.71) Forward 3.46 (3.84) Loss 501.1849 (778.2070)  [Time Left: 07:01:18] : L1=62.4213 : L2=72.1518 : L3=68.4943 In=[10, 3, 256, 256] Tar=[10, 69, 32, 32] Vis-PTS : 67 (67.4)Loss_SIC:169.9870 ,Loss_noseHM 29.2232, Loss_Loc 98.9073Loss_motion     nan
 -->>[Train]: [epoch-000-150][008/6260] Time 3.67 (4.04) Data 3.40 (3.71) Forward 3.50 (3.84) Loss 576.7532 (776.4243)  [Time Left: 07:00:57] : L1=59.4654 : L2=57.6955 : L3=63.0278 In=[10, 3, 256, 256] Tar=[10, 69, 32, 32] Vis-PTS : 66 (67.4)Loss_SIC:271.4588 ,Loss_noseHM 29.1940, Loss_Loc 95.9118Loss_motion     nan
 -->>[Train]: [epoch-000-150][008/6260] Time 3.90 (4.04) Data 3.63 (3.71) Forward 3.73 (3.83) Loss 498.6779 (773.9879)  [Time Left: 07:00:49] : L1=58.7485 : L2=56.6877 : L3=61.6690 In=[10, 3, 256, 256] Tar=[10, 69, 32, 32] Vis-PTS : 67 (67.4)Loss_SIC:187.8685 ,Loss_noseHM 29.2366, Loss_Loc 104.4675Loss_motion     nan
 -->>[Train]: [epoch-000-150][008/6260] Time 4.36 (4.04) Data 4.09 (3.71) Forward 4.19 (3.84) Loss 415.5694 (770.8712)  [Time Left: 07:01:07] : L1=61.0519 : L2=62.1798 : L3=64.2953 In=[10, 3, 256, 256] Tar=[10, 69, 32, 32] Vis-PTS : 67 (67.4)Loss_SIC:95.5342 ,Loss_noseHM 29.1780, Loss_Loc 103.3302Loss_motion     nan
 -->>[Train]: [epoch-000-150][008/6260] Time 3.95 (4.04) Data 3.69 (3.71) Forward 3.79 (3.84) Loss 693.7620 (770.2065)  [Time Left: 07:01:02] : L1=57.9556 : L2=60.3873 : L3=60.4720 In=[10, 3, 256, 256] Tar=[10, 69, 32, 32] Vis-PTS : 67 (67.4)Loss_SIC:385.3924 ,Loss_noseHM 29.1837, Loss_Loc 100.3710Loss_motion     nan
 -->>[Train]: [epoch-000-150][008/6260] Time 3.73 (4.04) Data 3.47 (3.71) Forward 3.57 (3.83) Loss 506.8200 (767.9553)  [Time Left: 07:00:45] : L1=60.1909 : L2=58.3422 : L3=61.6736 In=[10, 3, 256, 256] Tar=[10, 69, 32, 32] Vis-PTS : 67 (67.4)Loss_SIC:195.0702 ,Loss_noseHM 29.1414, Loss_Loc 102.4017Loss_motion     nan
 -->>[Train]: [epoch-000-150][008/6260] Time 3.80 (4.04) Data 3.54 (3.71) Forward 3.64 (3.83) Loss 886.0673 (768.9563)  [Time Left: 07:00:33] : L1=58.9191 : L2=56.9008 : L3=62.6488 In=[10, 3, 256, 256] Tar=[10, 69, 32, 32] Vis-PTS : 67 (67.4)Loss_SIC:574.8748 ,Loss_noseHM 29.1787, Loss_Loc 103.5451Loss_motion     nan
 -->>[Train]: [epoch-000-150][008/6260] Time 3.74 (4.03) Data 3.49 (3.71) Forward 3.59 (3.83) Loss 645.1858 (767.9162)  [Time Left: 07:00:18] : L1=58.1796 : L2=57.3139 : L3=59.2128 In=[10, 3, 256, 256] Tar=[10, 69, 32, 32] Vis-PTS : 66 (67.4)Loss_SIC:341.2063 ,Loss_noseHM 29.1775, Loss_Loc 100.0957Loss_motion     nan
 -->>[Train]: [epoch-000-150][008/6260] Time 3.94 (4.03) Data 3.68 (3.71) Forward 3.78 (3.83) Loss 460.2594 (765.3524)  [Time Left: 07:00:13] : L1=59.3557 : L2=56.8587 : L3=58.6789 In=[10, 3, 256, 256] Tar=[10, 69, 32, 32] Vis-PTS : 67 (67.4)Loss_SIC:148.9354 ,Loss_noseHM 29.2045, Loss_Loc 107.2262Loss_motion     nan
 -->>[Train]: [epoch-000-150][008/6260] Time 3.77 (4.03) Data 3.50 (3.71) Forward 3.60 (3.83) Loss 553.6085 (763.6024)  [Time Left: 06:59:59] : L1=59.0461 : L2=55.2264 : L3=57.8724 In=[10, 3, 256, 256] Tar=[10, 69, 32, 32] Vis-PTS : 67 (67.4)Loss_SIC:262.4998 ,Loss_noseHM 29.1329, Loss_Loc 89.8308Loss_motion     nan
 -->>[Train]: [epoch-000-150][008/6260] Time 4.02 (4.03) Data 3.74 (3.71) Forward 3.85 (3.83) Loss 465.9252 (761.1624)  [Time Left: 06:59:59] : L1=63.0730 : L2=66.1211 : L3=65.7891 In=[10, 3, 256, 256] Tar=[10, 69, 32, 32] Vis-PTS : 67 (67.4)Loss_SIC:140.5739 ,Loss_noseHM 29.2141, Loss_Loc 101.1540Loss_motion     nan
 -->>[Train]: [epoch-000-150][008/6260] Time 3.93 (4.03) Data 3.66 (3.71) Forward 3.76 (3.83) Loss 563.0267 (759.5516)  [Time Left: 06:59:53] : L1=58.5828 : L2=53.9233 : L3=61.3982 In=[10, 3, 256, 256] Tar=[10, 69, 32, 32] Vis-PTS : 67 (67.4)Loss_SIC:257.4231 ,Loss_noseHM 29.2181, Loss_Loc 102.4812Loss_motion     nan
 -->>[Train]: [epoch-000-150][008/6260] Time 3.95 (4.03) Data 3.69 (3.71) Forward 3.79 (3.83) Loss 469.2940 (757.2108)  [Time Left: 06:59:49] : L1=61.4527 : L2=56.8871 : L3=59.0459 In=[10, 3, 256, 256] Tar=[10, 69, 32, 32] Vis-PTS : 68 (67.4)Loss_SIC:164.0238 ,Loss_noseHM 29.2159, Loss_Loc 98.6686Loss_motion     nan
 -->>[Train]: [epoch-000-150][008/6260] Time 3.76 (4.03) Data 3.50 (3.70) Forward 3.59 (3.83) Loss 437.9528 (754.6567)  [Time Left: 06:59:35] : L1=59.0408 : L2=55.5311 : L3=58.7407 In=[10, 3, 256, 256] Tar=[10, 69, 32, 32] Vis-PTS : 68 (67.4)Loss_SIC:113.6110 ,Loss_noseHM 29.1673, Loss_Loc 121.8619Loss_motion     nan
 -->>[Train]: [epoch-000-150][008/6260] Time 3.81 (4.03) Data 3.56 (3.70) Forward 3.65 (3.82) Loss 526.5881 (752.8467)  [Time Left: 06:59:24] : L1=58.1910 : L2=54.6684 : L3=60.4148 In=[10, 3, 256, 256] Tar=[10, 69, 32, 32] Vis-PTS : 67 (67.4)Loss_SIC:235.9747 ,Loss_noseHM 29.1700, Loss_Loc 88.1690Loss_motion     nan
 -->>[Train]: [epoch-000-150][008/6260] Time 3.72 (4.02) Data 3.46 (3.70) Forward 3.56 (3.82) Loss 467.4396 (750.5994)  [Time Left: 06:59:09] : L1=57.0173 : L2=54.4992 : L3=55.4942 In=[10, 3, 256, 256] Tar=[10, 69, 32, 32] Vis-PTS : 67 (67.4)Loss_SIC:157.2209 ,Loss_noseHM 29.1638, Loss_Loc 114.0442Loss_motion     nan
 -->>[Train]: [epoch-000-150][008/6260] Time 3.75 (4.02) Data 3.48 (3.70) Forward 3.59 (3.82) Loss 366.4169 (747.5979)  [Time Left: 06:58:56] : L1=60.5333 : L2=56.9984 : L3=55.3555 In=[10, 3, 256, 256] Tar=[10, 69, 32, 32] Vis-PTS : 67 (67.4)Loss_SIC:64.3466 ,Loss_noseHM 29.1896, Loss_Loc 99.9935Loss_motion     nan
 -->>[Train]: [epoch-000-150][008/6260] Time 4.09 (4.02) Data 3.83 (3.70) Forward 3.93 (3.82) Loss 449.5091 (745.2872)  [Time Left: 06:58:59] : L1=57.7281 : L2=54.4273 : L3=55.2277 In=[10, 3, 256, 256] Tar=[10, 69, 32, 32] Vis-PTS : 67 (67.4)Loss_SIC:148.7213 ,Loss_noseHM 29.2038, Loss_Loc 104.2008Loss_motion     nan
 -->>[Train]: [epoch-000-150][008/6260] Time 3.88 (4.02) Data 3.61 (3.70) Forward 3.72 (3.82) Loss 567.8940 (743.9226)  [Time Left: 06:58:52] : L1=59.8866 : L2=56.6973 : L3=62.1226 In=[10, 3, 256, 256] Tar=[10, 69, 32, 32] Vis-PTS : 68 (67.4)Loss_SIC:252.7212 ,Loss_noseHM 29.1231, Loss_Loc 107.3431Loss_motion     nan
 -->>[Train]: [epoch-000-150][008/6260] Time 3.78 (4.02) Data 3.53 (3.70) Forward 3.62 (3.82) Loss 499.5197 (742.0569)  [Time Left: 06:58:41] : L1=61.3731 : L2=63.4867 : L3=58.2159 In=[10, 3, 256, 256] Tar=[10, 69, 32, 32] Vis-PTS : 68 (67.5)Loss_SIC:189.1410 ,Loss_noseHM 29.1441, Loss_Loc 98.1589Loss_motion     nan
 -->>[Train]: [epoch-000-150][008/6260] Time 4.13 (4.02) Data 3.87 (3.70) Forward 3.96 (3.82) Loss 452.8979 (739.8663)  [Time Left: 06:58:46] : L1=60.9786 : L2=54.5775 : L3=57.9180 In=[10, 3, 256, 256] Tar=[10, 69, 32, 32] Vis-PTS : 67 (67.5)Loss_SIC:148.5010 ,Loss_noseHM 29.1823, Loss_Loc 101.7406Loss_motion     nan
 -->>[Train]: [epoch-000-150][008/6260] Time 3.94 (4.02) Data 3.68 (3.70) Forward 3.78 (3.82) Loss 399.8544 (737.3099)  [Time Left: 06:58:42] : L1=59.8449 : L2=55.2976 : L3=54.6214 In=[10, 3, 256, 256] Tar=[10, 69, 32, 32] Vis-PTS : 67 (67.5)Loss_SIC:104.7325 ,Loss_noseHM 29.2189, Loss_Loc 96.1391Loss_motion     nan
 -->>[Train]: [epoch-000-150][008/6260] Time 4.16 (4.02) Data 3.88 (3.70) Forward 3.99 (3.82) Loss 438.9402 (735.0832)  [Time Left: 06:58:49] : L1=56.7860 : L2=56.1472 : L3=56.0618 In=[10, 3, 256, 256] Tar=[10, 69, 32, 32] Vis-PTS : 67 (67.5)Loss_SIC:124.6297 ,Loss_noseHM 29.1548, Loss_Loc 116.1607Loss_motion     nan
 -->>[Train]: [epoch-000-150][008/6260] Time 4.16 (4.02) Data 3.90 (3.70) Forward 4.00 (3.82) Loss 447.7442 (732.9548)  [Time Left: 06:58:56] : L1=57.4636 : L2=58.2328 : L3=57.2118 In=[10, 3, 256, 256] Tar=[10, 69, 32, 32] Vis-PTS : 68 (67.5)Loss_SIC:146.9596 ,Loss_noseHM 29.1548, Loss_Loc 98.7215Loss_motion     nan
 -->>[Train]: [epoch-000-150][008/6260] Time 3.95 (4.02) Data 3.69 (3.70) Forward 3.79 (3.82) Loss 391.8525 (730.4467)  [Time Left: 06:58:53] : L1=57.4488 : L2=55.0155 : L3=53.4269 In=[10, 3, 256, 256] Tar=[10, 69, 32, 32] Vis-PTS : 67 (67.5)Loss_SIC:103.3739 ,Loss_noseHM 29.1421, Loss_Loc 93.4453Loss_motion     nan
 -->>[Train]: [epoch-000-150][008/6260] Time 3.94 (4.02) Data 3.69 (3.70) Forward 3.79 (3.82) Loss 402.7304 (728.0546)  [Time Left: 06:58:49] : L1=55.5649 : L2=53.1130 : L3=55.1927 In=[10, 3, 256, 256] Tar=[10, 69, 32, 32] Vis-PTS : 67 (67.5)Loss_SIC:106.8537 ,Loss_noseHM 29.1762, Loss_Loc 102.8298Loss_motion     nan
 -->>[Train]: [epoch-000-150][008/6260] Time 3.85 (4.02) Data 3.59 (3.70) Forward 3.69 (3.82) Loss 432.2640 (725.9112)  [Time Left: 06:58:42] : L1=58.1613 : L2=56.4239 : L3=55.0393 In=[10, 3, 256, 256] Tar=[10, 69, 32, 32] Vis-PTS : 67 (67.5)Loss_SIC:129.8761 ,Loss_noseHM 29.1491, Loss_Loc 103.6143Loss_motion     nan
 -->>[Train]: [epoch-000-150][008/6260] Time 3.64 (4.02) Data 3.38 (3.70) Forward 3.48 (3.82) Loss 369.0166 (723.3436)  [Time Left: 06:58:25] : L1=58.5793 : L2=58.1063 : L3=54.3316 In=[10, 3, 256, 256] Tar=[10, 69, 32, 32] Vis-PTS : 67 (67.5)Loss_SIC:64.7281 ,Loss_noseHM 29.1126, Loss_Loc 104.1587Loss_motion     nan
 -->>[Train]: [epoch-000-150][008/6260] Time 3.75 (4.01) Data 3.49 (3.70) Forward 3.59 (3.82) Loss 623.0656 (722.6273)  [Time Left: 06:58:13] : L1=59.6305 : L2=55.1030 : L3=54.3417 In=[10, 3, 256, 256] Tar=[10, 69, 32, 32] Vis-PTS : 67 (67.5)Loss_SIC:324.9000 ,Loss_noseHM 29.2067, Loss_Loc 99.8836Loss_motion     nan
 -->>[Train]: [epoch-000-150][008/6260] Time 3.73 (4.01) Data 3.46 (3.70) Forward 3.56 (3.82) Loss 620.4995 (721.9030)  [Time Left: 06:58:00] : L1=58.5172 : L2=55.2624 : L3=52.8870 In=[10, 3, 256, 256] Tar=[10, 69, 32, 32] Vis-PTS : 66 (67.5)Loss_SIC:314.5732 ,Loss_noseHM 29.1814, Loss_Loc 110.0784Loss_motion     nan
 -->>[Train]: [epoch-000-150][008/6260] Time 3.75 (4.01) Data 3.49 (3.69) Forward 3.59 (3.81) Loss 451.2273 (719.9968)  [Time Left: 06:57:48] : L1=58.3712 : L2=60.7051 : L3=52.9857 In=[10, 3, 256, 256] Tar=[10, 69, 32, 32] Vis-PTS : 67 (67.5)Loss_SIC:152.1333 ,Loss_noseHM 29.1533, Loss_Loc 97.8787Loss_motion     nan
 -->>[Train]: [epoch-000-150][008/6260] Time 3.70 (4.01) Data 3.45 (3.69) Forward 3.54 (3.81) Loss 389.2669 (717.6840)  [Time Left: 06:57:35] : L1=56.8806 : L2=53.4033 : L3=51.8333 In=[10, 3, 256, 256] Tar=[10, 69, 32, 32] Vis-PTS : 67 (67.5)Loss_SIC:93.0004 ,Loss_noseHM 29.1625, Loss_Loc 104.9868Loss_motion     nan
 -->>[Train]: [epoch-000-150][008/6260] Time 3.95 (4.01) Data 3.69 (3.69) Forward 3.79 (3.81) Loss 384.7893 (715.3723)  [Time Left: 06:57:32] : L1=61.9370 : L2=58.4506 : L3=54.6360 In=[10, 3, 256, 256] Tar=[10, 69, 32, 32] Vis-PTS : 68 (67.5)Loss_SIC:76.5120 ,Loss_noseHM 29.2131, Loss_Loc 104.0406Loss_motion     nan
 -->>[Train]: [epoch-000-150][008/6260] Time 3.95 (4.01) Data 3.69 (3.69) Forward 3.79 (3.81) Loss 413.4870 (713.2903)  [Time Left: 06:57:30] : L1=56.8972 : L2=54.0027 : L3=48.9945 In=[10, 3, 256, 256] Tar=[10, 69, 32, 32] Vis-PTS : 67 (67.5)Loss_SIC:112.9645 ,Loss_noseHM 29.1411, Loss_Loc 111.4869Loss_motion     nan
 -->>[Train]: [epoch-000-150][008/6260] Time 4.00 (4.01) Data 3.72 (3.69) Forward 3.83 (3.81) Loss 412.8126 (711.2322)  [Time Left: 06:57:29] : L1=54.9498 : L2=52.8703 : L3=53.9652 In=[10, 3, 256, 256] Tar=[10, 69, 32, 32] Vis-PTS : 67 (67.5)Loss_SIC:121.7003 ,Loss_noseHM 29.1475, Loss_Loc 100.1794Loss_motion     nan
 -->>[Train]: [epoch-000-150][008/6260] Time 3.74 (4.01) Data 3.47 (3.69) Forward 3.58 (3.81) Loss 590.8872 (710.4136)  [Time Left: 06:57:18] : L1=60.2450 : L2=63.6294 : L3=53.4870 In=[10, 3, 256, 256] Tar=[10, 69, 32, 32] Vis-PTS : 67 (67.5)Loss_SIC:278.2074 ,Loss_noseHM 29.1340, Loss_Loc 106.1844Loss_motion     nan
